#
# A fatal error has been detected by the Java Runtime Environment:
#
#  EXCEPTION_ACCESS_VIOLATION (0xc0000005) at pc=0x00007ffd7267c6ab, pid=11552, tid=11696
#
# JRE version: OpenJDK Runtime Environment Microsoft-8035250 (11.0.20+8) (build 11.0.20+8-LTS)
# Java VM: OpenJDK 64-Bit Server VM Microsoft-8035250 (11.0.20+8-LTS, mixed mode, tiered, compressed oops, g1 gc, windows-amd64)
# Problematic frame:
# V  [jvm.dll+0x65c6ab]
#
# No core dump will be written. Minidumps are not enabled by default on client versions of Windows
#
# If you would like to submit a bug report, please visit:
#   https://github.com/microsoft/openjdk/issues
#

---------------  S U M M A R Y ------------

Command Line: -XX:MaxMetaspaceSize=512m --add-opens=java.base/java.util=ALL-UNNAMED --add-opens=java.base/java.lang=ALL-UNNAMED --add-opens=java.base/java.lang.invoke=ALL-UNNAMED --add-opens=java.prefs/java.util.prefs=ALL-UNNAMED --add-opens=java.base/java.nio.charset=ALL-UNNAMED --add-opens=java.base/java.net=ALL-UNNAMED --add-opens=java.base/java.util.concurrent.atomic=ALL-UNNAMED -Xmx2048m -Dfile.encoding=windows-1252 -Duser.country=US -Duser.language=en -Duser.variant org.gradle.launcher.daemon.bootstrap.GradleDaemon 8.0.1

Host: Intel(R) Core(TM) i5-3337U CPU @ 1.80GHz, 4 cores, 3G,  Windows 10 , 64 bit Build 19041 (10.0.19041.3155)
Time: Sat Aug 26 18:06:48 2023 Egypt Daylight Time elapsed time: 231.412095 seconds (0d 0h 3m 51s)

---------------  T H R E A D  ---------------

Current thread (0x0000014686bb8800):  JavaThread "C2 CompilerThread0" daemon [_thread_in_native, id=11696, stack(0x0000003e74b00000,0x0000003e74c00000)]


Current CompileTask:
C2: 231412 11913       4       org.gradle.internal.instantiation.generator.AbstractClassGenerator$ClassMetadata::property (42 bytes)

Stack: [0x0000003e74b00000,0x0000003e74c00000],  sp=0x0000003e74bfbab0,  free space=1006k
Native frames: (J=compiled Java code, j=interpreted, Vv=VM code, C=native code)
V  [jvm.dll+0x65c6ab]
V  [jvm.dll+0x212c25]
V  [jvm.dll+0x20ab93]
V  [jvm.dll+0x20881b]
V  [jvm.dll+0x18a7de]
V  [jvm.dll+0x2181ec]
V  [jvm.dll+0x21642b]
V  [jvm.dll+0x77efc0]
V  [jvm.dll+0x777db4]
V  [jvm.dll+0x62d845]
C  [ucrtbase.dll+0x21bb2]
C  [KERNEL32.DLL+0x17614]
C  [ntdll.dll+0x526b1]


siginfo: EXCEPTION_ACCESS_VIOLATION (0xc0000005), reading address 0x0000000010000000


Register to memory mapping:

RIP=0x00007ffd7267c6ab jvm.dll
RAX=0x00000146906b1ce0 points into unknown readable memory: 0x0000014686bd42b0 | b0 42 bd 86 46 01 00 00
RBX=0x0000014690a80570 points into unknown readable memory: 0x00007ffd728a4eb0 | b0 4e 8a 72 fd 7f 00 00
RCX=0x0000000010000000 is an unknown value
RDX=0x0000003e74bfebd0 is pointing into the stack for thread: 0x0000014686bb8800
RSP=0x0000003e74bfbab0 is pointing into the stack for thread: 0x0000014686bb8800
RBP=0x0000003e74bfbb49 is pointing into the stack for thread: 0x0000014686bb8800
RSI=0x00000000000039c7 is an unknown value
RDI=0x0000003e74bfbd20 is pointing into the stack for thread: 0x0000014686bb8800
R8 =0x000001468d578d98 points into unknown readable memory: 0x00007ffd72950508 | 08 05 95 72 fd 7f 00 00
R9 =0x0 is NULL
R10=0x0000014690d4d630 points into unknown readable memory: 0x000001468da98230 | 30 82 a9 8d 46 01 00 00
R11=0x00000146915b2060 points into unknown readable memory: 0x000001469179d3c8 | c8 d3 79 91 46 01 00 00
R12=0x0 is NULL
R13=0x0000003e74bfbd20 is pointing into the stack for thread: 0x0000014686bb8800
R14=0x000000000001ce38 is an unknown value
R15=0x0000014686bd46b0 points into unknown readable memory: 0x00007ffd7294f658 | 58 f6 94 72 fd 7f 00 00


Registers:
RAX=0x00000146906b1ce0, RBX=0x0000014690a80570, RCX=0x0000000010000000, RDX=0x0000003e74bfebd0
RSP=0x0000003e74bfbab0, RBP=0x0000003e74bfbb49, RSI=0x00000000000039c7, RDI=0x0000003e74bfbd20
R8 =0x000001468d578d98, R9 =0x0000000000000000, R10=0x0000014690d4d630, R11=0x00000146915b2060
R12=0x0000000000000000, R13=0x0000003e74bfbd20, R14=0x000000000001ce38, R15=0x0000014686bd46b0
RIP=0x00007ffd7267c6ab, EFLAGS=0x0000000000010206

Top of Stack: (sp=0x0000003e74bfbab0)
0x0000003e74bfbab0:   0000014690a80570 0000000000002367
0x0000003e74bfbac0:   0000000000001074 00007ffd727ae5e9
0x0000003e74bfbad0:   000001468d578d98 0000003e74bfbb49
0x0000003e74bfbae0:   0000000000001347 0000000000001346
0x0000003e74bfbaf0:   0000000000000008 00007ffd72232c25
0x0000003e74bfbb00:   0000014690a80570 0000003e74bfbb49
0x0000003e74bfbb10:   0000014686bb0050 0000000000000000
0x0000003e74bfbb20:   0000014686ba6ec0 0000000000002000
0x0000003e74bfbb30:   00000146915aa060 00007ffd00001347
0x0000003e74bfbb40:   00007ffd72936ff8 0000014686ba6ec0
0x0000003e74bfbb50:   0000000000000200 0000014690100310
0x0000003e74bfbb60:   0000000000000000 000000609a2deb56
0x0000003e74bfbb70:   0000000000000000 0000014686bb0050
0x0000003e74bfbb80:   0000000000000008 0000014686bb0058
0x0000003e74bfbb90:   0000014686ba6ec0 00007ffd728d3e20
0x0000003e74bfbba0:   0000003e74bfbcb0 00007ffd7222ab93 

Instructions: (pc=0x00007ffd7267c6ab)
0x00007ffd7267c5ab:   08 49 3b c8 7c ef eb 0d 48 8d 54 24 50 49 8b c9
0x00007ffd7267c5bb:   e8 90 25 b3 ff 48 8b 06 48 8b ce ff 10 3d e2 00
0x00007ffd7267c5cb:   00 00 75 41 49 8b 46 10 48 8b cf 48 89 74 24 50
0x00007ffd7267c5db:   4c 8b 80 a0 01 00 00 49 63 00 85 c0 7e 27 48 8b
0x00007ffd7267c5eb:   d0 49 8b 40 18 48 39 30 74 0e 48 ff c1 48 83 c0
0x00007ffd7267c5fb:   08 48 3b ca 7c ef eb 0d 48 8d 54 24 50 49 8b c8
0x00007ffd7267c60b:   e8 40 25 b3 ff 48 8b 05 69 89 45 00 48 8b d6 48
0x00007ffd7267c61b:   8b 48 28 48 8b 01 ff 90 b0 00 00 00 49 8b 04 24
0x00007ffd7267c62b:   bd 00 40 00 00 49 3b 44 24 10 0f 83 79 fb ff ff
0x00007ffd7267c63b:   4c 8b 7c 24 20 4c 8b 6c 24 68 48 8b 74 24 60 48
0x00007ffd7267c64b:   8b 6c 24 58 48 83 c4 28 41 5e 41 5c 5f 5b c3 cc
0x00007ffd7267c65b:   cc cc cc cc cc 40 56 57 41 54 48 83 ec 30 45 33
0x00007ffd7267c66b:   e4 48 8b f9 41 8b f4 44 39 61 48 0f 86 12 01 00
0x00007ffd7267c67b:   00 48 89 5c 24 50 48 89 6c 24 58 4c 89 74 24 60
0x00007ffd7267c68b:   4c 89 7c 24 68 8b c6 4c 8d 34 c5 00 00 00 00 48
0x00007ffd7267c69b:   8b 47 50 49 8b 0c 06 48 85 c9 0f 84 c4 00 00 00
0x00007ffd7267c6ab:   48 8b 01 ff 90 80 00 00 00 8b 4f 48 4c 8b f8 3b
0x00007ffd7267c6bb:   f1 0f 82 a5 00 00 00 85 c9 75 51 48 8b 5f 40 c7
0x00007ffd7267c6cb:   47 48 01 00 00 00 48 8b 43 18 48 83 f8 ef 76 16
0x00007ffd7267c6db:   8d 51 10 48 8b cb 4c 8d 05 48 90 22 00 e8 33 68
0x00007ffd7267c6eb:   a6 ff 48 8b 43 18 48 8d 48 10 48 3b 4b 20 76 11
0x00007ffd7267c6fb:   45 33 c0 48 8b cb 41 8d 50 10 e8 b6 64 a6 ff eb
0x00007ffd7267c70b:   04 48 89 4b 18 48 89 47 50 4c 89 20 8b 6f 48 8b
0x00007ffd7267c71b:   c5 3b f5 72 09 03 c0 3b f0 73 fa 89 47 48 48 8b
0x00007ffd7267c72b:   57 50 48 8d 1c ed 00 00 00 00 48 8b 4f 40 4c 8b
0x00007ffd7267c73b:   c3 44 8b c8 49 c1 e1 03 44 89 64 24 20 e8 63 5f
0x00007ffd7267c74b:   a6 ff 44 8b 47 48 33 d2 44 2b c5 48 89 47 50 49
0x00007ffd7267c75b:   c1 e0 03 48 8d 0c 03 e8 1b 47 19 00 48 8b 47 50
0x00007ffd7267c76b:   4d 89 3c 06 ff c6 3b 77 48 0f 82 16 ff ff ff 4c
0x00007ffd7267c77b:   8b 7c 24 68 4c 8b 74 24 60 48 8b 6c 24 58 48 8b
0x00007ffd7267c78b:   5c 24 50 48 83 c4 30 41 5c 5f 5e c3 cc cc cc cc
0x00007ffd7267c79b:   cc cc cc cc cc 40 53 41 54 41 55 41 57 48 83 ec 


Stack slot to memory mapping:
stack at sp + 0 slots: 0x0000014690a80570 points into unknown readable memory: 0x00007ffd728a4eb0 | b0 4e 8a 72 fd 7f 00 00
stack at sp + 1 slots: 0x0000000000002367 is an unknown value
stack at sp + 2 slots: 0x0000000000001074 is an unknown value
stack at sp + 3 slots: 0x00007ffd727ae5e9 jvm.dll
stack at sp + 4 slots: 0x000001468d578d98 points into unknown readable memory: 0x00007ffd72950508 | 08 05 95 72 fd 7f 00 00
stack at sp + 5 slots: 0x0000003e74bfbb49 is pointing into the stack for thread: 0x0000014686bb8800
stack at sp + 6 slots: 0x0000000000001347 is an unknown value
stack at sp + 7 slots: 0x0000000000001346 is an unknown value


---------------  P R O C E S S  ---------------

Threads class SMR info:
_java_thread_list=0x0000014690e2b9b0, length=85, elements={
0x00000146e5b34800, 0x0000014686baa800, 0x0000014686bac000, 0x0000014686bb3800,
0x0000014686bb4800, 0x0000014686bb5800, 0x0000014686bb8800, 0x0000014686bba800,
0x0000014686c19000, 0x0000014686e30800, 0x000001468816b800, 0x0000014688536800,
0x0000014688ee5000, 0x00000146884d2000, 0x000001468826b000, 0x00000146885fd800,
0x00000146878b2000, 0x00000146878b2800, 0x0000014687eb6000, 0x0000014687099000,
0x0000014687098000, 0x0000014687097800, 0x000001468709a000, 0x00000146893a8000,
0x00000146893a4800, 0x00000146893a8800, 0x00000146893a9800, 0x00000146893a5800,
0x00000146893a3800, 0x00000146893aa800, 0x00000146893ab000, 0x00000146893ac800,
0x00000146893b1800, 0x00000146893b1000, 0x00000146893b2800, 0x00000146893ad800,
0x00000146893af000, 0x0000014687cb2800, 0x0000014687cb3800, 0x0000014687cb4000,
0x0000014687cb5000, 0x0000014687caf000, 0x0000014687cb5800, 0x0000014687cb0000,
0x0000014687cb6800, 0x0000014687cb1000, 0x0000014687cb7800, 0x0000014687cb1800,
0x0000014687cb9000, 0x0000014687cb8000, 0x0000014687cbb800, 0x0000014687cbc800,
0x0000014687cba000, 0x0000014687cba800, 0x0000014687cbd000, 0x0000014687cbe000,
0x00000146894b0800, 0x00000146894ab800, 0x00000146894ad000, 0x00000146894aa800,
0x00000146894ae000, 0x00000146894b1000, 0x00000146894b2000, 0x00000146894b3000,
0x00000146894b3800, 0x00000146894ae800, 0x00000146894b5000, 0x00000146894af800,
0x00000146894b6000, 0x00000146894b7000, 0x00000146894b7800, 0x00000146894b8800,
0x00000146894b9800, 0x000001468bc93800, 0x000001468bc94000, 0x000001468bc92800,
0x000001468bc95000, 0x000001468bc96000, 0x000001468bc96800, 0x000001468bc97800,
0x000001468bc91800, 0x000001468bc99000, 0x000001468bc9a800, 0x000001468bc9c800,
0x000001468bc98800
}

Java Threads: ( => current thread )
  0x00000146e5b34800 JavaThread "main" [_thread_blocked, id=11616, stack(0x0000003e73f00000,0x0000003e74000000)]
  0x0000014686baa800 JavaThread "Reference Handler" daemon [_thread_blocked, id=11668, stack(0x0000003e74600000,0x0000003e74700000)]
  0x0000014686bac000 JavaThread "Finalizer" daemon [_thread_blocked, id=11672, stack(0x0000003e74700000,0x0000003e74800000)]
  0x0000014686bb3800 JavaThread "Signal Dispatcher" daemon [_thread_blocked, id=11684, stack(0x0000003e74800000,0x0000003e74900000)]
  0x0000014686bb4800 JavaThread "Attach Listener" daemon [_thread_blocked, id=11688, stack(0x0000003e74900000,0x0000003e74a00000)]
  0x0000014686bb5800 JavaThread "Service Thread" daemon [_thread_blocked, id=11692, stack(0x0000003e74a00000,0x0000003e74b00000)]
=>0x0000014686bb8800 JavaThread "C2 CompilerThread0" daemon [_thread_in_native, id=11696, stack(0x0000003e74b00000,0x0000003e74c00000)]
  0x0000014686bba800 JavaThread "C1 CompilerThread0" daemon [_thread_in_native, id=11700, stack(0x0000003e74c00000,0x0000003e74d00000)]
  0x0000014686c19000 JavaThread "Sweeper thread" daemon [_thread_blocked, id=11704, stack(0x0000003e74d00000,0x0000003e74e00000)]
  0x0000014686e30800 JavaThread "Common-Cleaner" daemon [_thread_blocked, id=11720, stack(0x0000003e74e00000,0x0000003e74f00000)]
  0x000001468816b800 JavaThread "Daemon health stats" [_thread_blocked, id=12144, stack(0x0000003e75100000,0x0000003e75200000)]
  0x0000014688536800 JavaThread "Incoming local TCP Connector on port 30437" [_thread_in_native, id=12252, stack(0x0000003e75200000,0x0000003e75300000)]
  0x0000014688ee5000 JavaThread "Daemon periodic checks" [_thread_blocked, id=11272, stack(0x0000003e75300000,0x0000003e75400000)]
  0x00000146884d2000 JavaThread "Daemon" [_thread_blocked, id=7936, stack(0x0000003e75400000,0x0000003e75500000)]
  0x000001468826b000 JavaThread "Handler for socket connection from /127.0.0.1:30437 to /127.0.0.1:30438" [_thread_in_native, id=9132, stack(0x0000003e75500000,0x0000003e75600000)]
  0x00000146885fd800 JavaThread "Cancel handler" [_thread_blocked, id=1432, stack(0x0000003e75600000,0x0000003e75700000)]
  0x00000146878b2000 JavaThread "Daemon worker" [_thread_blocked, id=9972, stack(0x0000003e75700000,0x0000003e75800000)]
  0x00000146878b2800 JavaThread "Asynchronous log dispatcher for DefaultDaemonConnection: socket connection from /127.0.0.1:30437 to /127.0.0.1:30438" [_thread_blocked, id=5764, stack(0x0000003e75800000,0x0000003e75900000)]
  0x0000014687eb6000 JavaThread "Daemon client event forwarder" [_thread_blocked, id=7448, stack(0x0000003e75a00000,0x0000003e75b00000)]
  0x0000014687099000 JavaThread "Cache worker for journal cache (C:\Users\user\.gradle\caches\journal-1)" [_thread_blocked, id=11520, stack(0x0000003e75d00000,0x0000003e75e00000)]
  0x0000014687098000 JavaThread "File lock request listener" [_thread_in_native, id=11476, stack(0x0000003e75e00000,0x0000003e75f00000)]
  0x0000014687097800 JavaThread "Cache worker for file hash cache (C:\Users\user\.gradle\caches\8.0.1\fileHashes)" [_thread_blocked, id=10116, stack(0x0000003e75f00000,0x0000003e76000000)]
  0x000001468709a000 JavaThread "File watcher server" daemon [_thread_in_native, id=9976, stack(0x0000003e76000000,0x0000003e76100000)]
  0x00000146893a8000 JavaThread "File watcher consumer" daemon [_thread_blocked, id=6476, stack(0x0000003e76100000,0x0000003e76200000)]
  0x00000146893a4800 JavaThread "Cache worker for checksums cache (C:\Users\user\MK_GITHUB\Movies-App-RN\android\.gradle\8.0.1\checksums)" [_thread_blocked, id=10084, stack(0x0000003e73d00000,0x0000003e73e00000)]
  0x00000146893a8800 JavaThread "Cache worker for cache directory md-rule (C:\Users\user\.gradle\caches\8.0.1\md-rule)" [_thread_blocked, id=5100, stack(0x0000003e76200000,0x0000003e76300000)]
  0x00000146893a9800 JavaThread "Cache worker for file content cache (C:\Users\user\.gradle\caches\8.0.1\fileContent)" [_thread_blocked, id=10416, stack(0x0000003e76300000,0x0000003e76400000)]
  0x00000146893a5800 JavaThread "Cache worker for file hash cache (C:\Users\user\MK_GITHUB\Movies-App-RN\android\.gradle\8.0.1\fileHashes)" [_thread_blocked, id=3616, stack(0x0000003e76400000,0x0000003e76500000)]
  0x00000146893a3800 JavaThread "Cache worker for cache directory md-supplier (C:\Users\user\.gradle\caches\8.0.1\md-supplier)" [_thread_blocked, id=6084, stack(0x0000003e76500000,0x0000003e76600000)]
  0x00000146893aa800 JavaThread "Cache worker for execution history cache (C:\Users\user\.gradle\caches\8.0.1\executionHistory)" [_thread_blocked, id=3960, stack(0x0000003e76600000,0x0000003e76700000)]
  0x00000146893ab000 JavaThread "jar transforms" [_thread_blocked, id=6572, stack(0x0000003e76700000,0x0000003e76800000)]
  0x00000146893ac800 JavaThread "jar transforms Thread 2" [_thread_blocked, id=3464, stack(0x0000003e76800000,0x0000003e76900000)]
  0x00000146893b1800 JavaThread "jar transforms Thread 3" [_thread_blocked, id=8744, stack(0x0000003e76900000,0x0000003e76a00000)]
  0x00000146893b1000 JavaThread "jar transforms Thread 4" [_thread_blocked, id=7072, stack(0x0000003e76a00000,0x0000003e76b00000)]
  0x00000146893b2800 JavaThread "Cache worker for kotlin-dsl (C:\Users\user\.gradle\caches\8.0.1\kotlin-dsl)" [_thread_blocked, id=6504, stack(0x0000003e73c00000,0x0000003e73d00000)]
  0x00000146893ad800 JavaThread "Cache worker for dependencies-accessors (C:\Users\user\MK_GITHUB\Movies-App-RN\android\.gradle\8.0.1\dependencies-accessors)" [_thread_blocked, id=9688, stack(0x0000003e73e00000,0x0000003e73f00000)]
  0x00000146893af000 JavaThread "Cache worker for Build Output Cleanup Cache (C:\Users\user\MK_GITHUB\Movies-App-RN\node_modules\@react-native\gradle-plugin\.gradle\buildOutputCleanup)" [_thread_blocked, id=11916, stack(0x0000003e75900000,0x0000003e75a00000)]
  0x0000014687cb2800 JavaThread "Unconstrained build operations" [_thread_blocked, id=1300, stack(0x0000003e76d00000,0x0000003e76e00000)]
  0x0000014687cb3800 JavaThread "Unconstrained build operations Thread 2" [_thread_blocked, id=10060, stack(0x0000003e76e00000,0x0000003e76f00000)]
  0x0000014687cb4000 JavaThread "Unconstrained build operations Thread 3" [_thread_blocked, id=996, stack(0x0000003e76f00000,0x0000003e77000000)]
  0x0000014687cb5000 JavaThread "Unconstrained build operations Thread 4" [_thread_blocked, id=9236, stack(0x0000003e77000000,0x0000003e77100000)]
  0x0000014687caf000 JavaThread "Unconstrained build operations Thread 5" [_thread_blocked, id=11396, stack(0x0000003e77100000,0x0000003e77200000)]
  0x0000014687cb5800 JavaThread "Unconstrained build operations Thread 6" [_thread_blocked, id=10780, stack(0x0000003e77200000,0x0000003e77300000)]
  0x0000014687cb0000 JavaThread "Unconstrained build operations Thread 7" [_thread_blocked, id=8, stack(0x0000003e77300000,0x0000003e77400000)]
  0x0000014687cb6800 JavaThread "Unconstrained build operations Thread 8" [_thread_blocked, id=12032, stack(0x0000003e77400000,0x0000003e77500000)]
  0x0000014687cb1000 JavaThread "Unconstrained build operations Thread 9" [_thread_blocked, id=6288, stack(0x0000003e77500000,0x0000003e77600000)]
  0x0000014687cb7800 JavaThread "Unconstrained build operations Thread 10" [_thread_blocked, id=1648, stack(0x0000003e77600000,0x0000003e77700000)]
  0x0000014687cb1800 JavaThread "Unconstrained build operations Thread 11" [_thread_blocked, id=5144, stack(0x0000003e77700000,0x0000003e77800000)]
  0x0000014687cb9000 JavaThread "Unconstrained build operations Thread 12" [_thread_blocked, id=7488, stack(0x0000003e77800000,0x0000003e77900000)]
  0x0000014687cb8000 JavaThread "Unconstrained build operations Thread 13" [_thread_blocked, id=12148, stack(0x0000003e77900000,0x0000003e77a00000)]
  0x0000014687cbb800 JavaThread "Unconstrained build operations Thread 14" [_thread_blocked, id=12156, stack(0x0000003e77a00000,0x0000003e77b00000)]
  0x0000014687cbc800 JavaThread "Unconstrained build operations Thread 15" [_thread_blocked, id=11660, stack(0x0000003e77b00000,0x0000003e77c00000)]
  0x0000014687cba000 JavaThread "Unconstrained build operations Thread 16" [_thread_blocked, id=6460, stack(0x0000003e77c00000,0x0000003e77d00000)]
  0x0000014687cba800 JavaThread "Unconstrained build operations Thread 17" [_thread_blocked, id=7888, stack(0x0000003e77d00000,0x0000003e77e00000)]
  0x0000014687cbd000 JavaThread "Unconstrained build operations Thread 18" [_thread_blocked, id=992, stack(0x0000003e77e00000,0x0000003e77f00000)]
  0x0000014687cbe000 JavaThread "Unconstrained build operations Thread 19" [_thread_blocked, id=11984, stack(0x0000003e77f00000,0x0000003e78000000)]
  0x00000146894b0800 JavaThread "Unconstrained build operations Thread 20" [_thread_blocked, id=6068, stack(0x0000003e78000000,0x0000003e78100000)]
  0x00000146894ab800 JavaThread "Unconstrained build operations Thread 21" [_thread_blocked, id=9580, stack(0x0000003e78100000,0x0000003e78200000)]
  0x00000146894ad000 JavaThread "Unconstrained build operations Thread 22" [_thread_blocked, id=11544, stack(0x0000003e78200000,0x0000003e78300000)]
  0x00000146894aa800 JavaThread "Unconstrained build operations Thread 23" [_thread_blocked, id=11832, stack(0x0000003e78300000,0x0000003e78400000)]
  0x00000146894ae000 JavaThread "Unconstrained build operations Thread 24" [_thread_blocked, id=11840, stack(0x0000003e78400000,0x0000003e78500000)]
  0x00000146894b1000 JavaThread "Unconstrained build operations Thread 25" [_thread_blocked, id=9600, stack(0x0000003e78500000,0x0000003e78600000)]
  0x00000146894b2000 JavaThread "Unconstrained build operations Thread 26" [_thread_blocked, id=5344, stack(0x0000003e78600000,0x0000003e78700000)]
  0x00000146894b3000 JavaThread "Memory manager" [_thread_blocked, id=11408, stack(0x0000003e78700000,0x0000003e78800000)]
  0x00000146894b3800 JavaThread "Cache worker for Build Output Cleanup Cache (C:\Users\user\MK_GITHUB\Movies-App-RN\android\.gradle\buildOutputCleanup)" [_thread_blocked, id=9416, stack(0x0000003e78800000,0x0000003e78900000)]
  0x00000146894ae800 JavaThread "Execution worker" [_thread_in_Java, id=11804, stack(0x0000003e78a00000,0x0000003e78b00000)]
  0x00000146894b5000 JavaThread "Execution worker Thread 2" [_thread_blocked, id=11964, stack(0x0000003e78b00000,0x0000003e78c00000)]
  0x00000146894af800 JavaThread "Execution worker Thread 3" [_thread_blocked, id=7104, stack(0x0000003e78c00000,0x0000003e78d00000)]
  0x00000146894b6000 JavaThread "Cache worker for execution history cache (C:\Users\user\MK_GITHUB\Movies-App-RN\node_modules\@react-native\gradle-plugin\.gradle\8.0.1\executionHistory)" [_thread_blocked, id=3968, stack(0x0000003e78d00000,0x0000003e78e00000)]
  0x00000146894b7000 JavaThread "Unconstrained build operations Thread 27" [_thread_blocked, id=10708, stack(0x0000003e78e00000,0x0000003e78f00000)]
  0x00000146894b7800 JavaThread "Unconstrained build operations Thread 28" [_thread_blocked, id=7292, stack(0x0000003e78f00000,0x0000003e79000000)]
  0x00000146894b8800 JavaThread "Unconstrained build operations Thread 29" [_thread_blocked, id=10956, stack(0x0000003e79000000,0x0000003e79100000)]
  0x00000146894b9800 JavaThread "Unconstrained build operations Thread 30" [_thread_blocked, id=8212, stack(0x0000003e79100000,0x0000003e79200000)]
  0x000001468bc93800 JavaThread "Unconstrained build operations Thread 31" [_thread_blocked, id=9080, stack(0x0000003e79200000,0x0000003e79300000)]
  0x000001468bc94000 JavaThread "Unconstrained build operations Thread 32" [_thread_blocked, id=6388, stack(0x0000003e79300000,0x0000003e79400000)]
  0x000001468bc92800 JavaThread "Unconstrained build operations Thread 33" [_thread_blocked, id=1576, stack(0x0000003e79400000,0x0000003e79500000)]
  0x000001468bc95000 JavaThread "Unconstrained build operations Thread 34" [_thread_blocked, id=10336, stack(0x0000003e79500000,0x0000003e79600000)]
  0x000001468bc96000 JavaThread "Unconstrained build operations Thread 35" [_thread_blocked, id=9200, stack(0x0000003e79600000,0x0000003e79700000)]
  0x000001468bc96800 JavaThread "Unconstrained build operations Thread 36" [_thread_blocked, id=7904, stack(0x0000003e79700000,0x0000003e79800000)]
  0x000001468bc97800 JavaThread "Unconstrained build operations Thread 37" [_thread_blocked, id=6580, stack(0x0000003e79800000,0x0000003e79900000)]
  0x000001468bc91800 JavaThread "Unconstrained build operations Thread 38" [_thread_blocked, id=10452, stack(0x0000003e79900000,0x0000003e79a00000)]
  0x000001468bc99000 JavaThread "Unconstrained build operations Thread 39" [_thread_blocked, id=7108, stack(0x0000003e79a00000,0x0000003e79b00000)]
  0x000001468bc9a800 JavaThread "Unconstrained build operations Thread 40" [_thread_blocked, id=9436, stack(0x0000003e79b00000,0x0000003e79c00000)]
  0x000001468bc9c800 JavaThread "included builds Thread 2" [_thread_blocked, id=11536, stack(0x0000003e76b00000,0x0000003e76c00000)]
  0x000001468bc98800 JavaThread "Cache worker for execution history cache (C:\Users\user\MK_GITHUB\Movies-App-RN\android\.gradle\8.0.1\executionHistory)" [_thread_blocked, id=10692, stack(0x0000003e76c00000,0x0000003e76d00000)]

Other Threads:
  0x0000014686b98800 VMThread "VM Thread" [stack: 0x0000003e74500000,0x0000003e74600000] [id=11648]
  0x0000014686e92000 WatcherThread [stack: 0x0000003e74f00000,0x0000003e75000000] [id=11724]
  0x00000146e5a1e800 GCTaskThread "GC Thread#0" [stack: 0x0000003e74000000,0x0000003e74100000] [id=11620]
  0x00000146874b1800 GCTaskThread "GC Thread#1" [stack: 0x0000003e75000000,0x0000003e75100000] [id=11752]
  0x00000146885fe000 GCTaskThread "GC Thread#2" [stack: 0x0000003e75b00000,0x0000003e75c00000] [id=11316]
  0x000001468866d800 GCTaskThread "GC Thread#3" [stack: 0x0000003e75c00000,0x0000003e75d00000] [id=2084]
  0x00000146e5b7b000 ConcurrentGCThread "G1 Main Marker" [stack: 0x0000003e74100000,0x0000003e74200000] [id=11624]
  0x00000146e5b7d800 ConcurrentGCThread "G1 Conc#0" [stack: 0x0000003e74200000,0x0000003e74300000] [id=11628]
  0x00000146e5bc3000 ConcurrentGCThread "G1 Refine#0" [stack: 0x0000003e74300000,0x0000003e74400000] [id=11632]
  0x00000146e5bc4000 ConcurrentGCThread "G1 Young RemSet Sampling" [stack: 0x0000003e74400000,0x0000003e74500000] [id=11636]

Threads with active compile tasks:
C2 CompilerThread0   231860 11913       4       org.gradle.internal.instantiation.generator.AbstractClassGenerator$ClassMetadata::property (42 bytes)

VM state:not at safepoint (normal execution)

VM Mutex/Monitor currently owned by a thread: None

Heap address: 0x0000000080000000, size: 2048 MB, Compressed Oops mode: 32-bit
Narrow klass base: 0x0000000000000000, Narrow klass shift: 3
Compressed class space size: 528482304 Address: 0x0000000100000000

Heap:
 garbage-first heap   total 184320K, used 142163K [0x0000000080000000, 0x0000000100000000)
  region size 1024K, 12 young (12288K), 2 survivors (2048K)
 Metaspace       used 102269K, capacity 105546K, committed 105808K, reserved 608256K
  class space    used 13447K, capacity 14770K, committed 14848K, reserved 516096K
Heap Regions: E=young(eden), S=young(survivor), O=old, HS=humongous(starts), HC=humongous(continues), CS=collection set, F=free, A=archive, TAMS=top-at-mark-start (previous, next)
|   0|0x0000000080000000, 0x0000000080100000, 0x0000000080100000|100%| O|  |TAMS 0x0000000080100000, 0x0000000080000000| Updating 
|   1|0x0000000080100000, 0x0000000080200000, 0x0000000080200000|100%| O|  |TAMS 0x0000000080200000, 0x0000000080100000| Updating 
|   2|0x0000000080200000, 0x0000000080300000, 0x0000000080300000|100%| O|  |TAMS 0x0000000080300000, 0x0000000080200000| Updating 
|   3|0x0000000080300000, 0x0000000080400000, 0x0000000080400000|100%|HS|  |TAMS 0x0000000080400000, 0x0000000080300000| Complete 
|   4|0x0000000080400000, 0x0000000080500000, 0x0000000080500000|100%|HC|  |TAMS 0x0000000080500000, 0x0000000080400000| Complete 
|   5|0x0000000080500000, 0x0000000080600000, 0x0000000080600000|100%|HC|  |TAMS 0x0000000080600000, 0x0000000080500000| Complete 
|   6|0x0000000080600000, 0x0000000080700000, 0x0000000080700000|100%|HC|  |TAMS 0x0000000080700000, 0x0000000080600000| Complete 
|   7|0x0000000080700000, 0x0000000080800000, 0x0000000080800000|100%| O|  |TAMS 0x0000000080800000, 0x0000000080700000| Updating 
|   8|0x0000000080800000, 0x0000000080900000, 0x0000000080900000|100%| O|  |TAMS 0x0000000080900000, 0x0000000080800000| Updating 
|   9|0x0000000080900000, 0x0000000080a00000, 0x0000000080a00000|100%| O|  |TAMS 0x0000000080a00000, 0x0000000080900000| Updating 
|  10|0x0000000080a00000, 0x0000000080b00000, 0x0000000080b00000|100%| O|  |TAMS 0x0000000080b00000, 0x0000000080a00000| Updating 
|  11|0x0000000080b00000, 0x0000000080c00000, 0x0000000080c00000|100%| O|  |TAMS 0x0000000080c00000, 0x0000000080b00000| Updating 
|  12|0x0000000080c00000, 0x0000000080d00000, 0x0000000080d00000|100%| O|  |TAMS 0x0000000080d00000, 0x0000000080c00000| Updating 
|  13|0x0000000080d00000, 0x0000000080e00000, 0x0000000080e00000|100%| O|  |TAMS 0x0000000080e00000, 0x0000000080d00000| Updating 
|  14|0x0000000080e00000, 0x0000000080f00000, 0x0000000080f00000|100%| O|  |TAMS 0x0000000080f00000, 0x0000000080e00000| Updating 
|  15|0x0000000080f00000, 0x0000000081000000, 0x0000000081000000|100%| O|  |TAMS 0x0000000081000000, 0x0000000080f00000| Updating 
|  16|0x0000000081000000, 0x0000000081100000, 0x0000000081100000|100%| O|  |TAMS 0x0000000081100000, 0x0000000081000000| Updating 
|  17|0x0000000081100000, 0x0000000081200000, 0x0000000081200000|100%| O|  |TAMS 0x0000000081200000, 0x0000000081100000| Updating 
|  18|0x0000000081200000, 0x0000000081300000, 0x0000000081300000|100%| O|  |TAMS 0x0000000081300000, 0x0000000081200000| Updating 
|  19|0x0000000081300000, 0x0000000081400000, 0x0000000081400000|100%| O|  |TAMS 0x0000000081400000, 0x0000000081300000| Updating 
|  20|0x0000000081400000, 0x0000000081500000, 0x0000000081500000|100%| O|  |TAMS 0x0000000081500000, 0x0000000081400000| Updating 
|  21|0x0000000081500000, 0x0000000081600000, 0x0000000081600000|100%| O|  |TAMS 0x0000000081600000, 0x0000000081500000| Updating 
|  22|0x0000000081600000, 0x0000000081700000, 0x0000000081700000|100%| O|  |TAMS 0x0000000081700000, 0x0000000081600000| Updating 
|  23|0x0000000081700000, 0x0000000081800000, 0x0000000081800000|100%| O|  |TAMS 0x0000000081800000, 0x0000000081700000| Updating 
|  24|0x0000000081800000, 0x0000000081900000, 0x0000000081900000|100%| O|  |TAMS 0x0000000081900000, 0x0000000081800000| Updating 
|  25|0x0000000081900000, 0x0000000081a00000, 0x0000000081a00000|100%| O|  |TAMS 0x0000000081a00000, 0x0000000081900000| Updating 
|  26|0x0000000081a00000, 0x0000000081b00000, 0x0000000081b00000|100%| O|  |TAMS 0x0000000081b00000, 0x0000000081a00000| Updating 
|  27|0x0000000081b00000, 0x0000000081c00000, 0x0000000081c00000|100%| O|  |TAMS 0x0000000081c00000, 0x0000000081b00000| Updating 
|  28|0x0000000081c00000, 0x0000000081d00000, 0x0000000081d00000|100%| O|  |TAMS 0x0000000081d00000, 0x0000000081c00000| Updating 
|  29|0x0000000081d00000, 0x0000000081e00000, 0x0000000081e00000|100%| O|  |TAMS 0x0000000081e00000, 0x0000000081d00000| Updating 
|  30|0x0000000081e00000, 0x0000000081f00000, 0x0000000081f00000|100%| O|  |TAMS 0x0000000081f00000, 0x0000000081e00000| Updating 
|  31|0x0000000081f00000, 0x0000000082000000, 0x0000000082000000|100%| O|  |TAMS 0x0000000082000000, 0x0000000081f00000| Updating 
|  32|0x0000000082000000, 0x0000000082100000, 0x0000000082100000|100%| O|  |TAMS 0x0000000082100000, 0x0000000082000000| Updating 
|  33|0x0000000082100000, 0x0000000082200000, 0x0000000082200000|100%| O|  |TAMS 0x0000000082200000, 0x0000000082100000| Updating 
|  34|0x0000000082200000, 0x0000000082300000, 0x0000000082300000|100%|HS|  |TAMS 0x0000000082300000, 0x0000000082200000| Complete 
|  35|0x0000000082300000, 0x0000000082400000, 0x0000000082400000|100%|HC|  |TAMS 0x0000000082400000, 0x0000000082300000| Complete 
|  36|0x0000000082400000, 0x0000000082500000, 0x0000000082500000|100%|HS|  |TAMS 0x0000000082500000, 0x0000000082400000| Complete 
|  37|0x0000000082500000, 0x0000000082600000, 0x0000000082600000|100%|HC|  |TAMS 0x0000000082600000, 0x0000000082500000| Complete 
|  38|0x0000000082600000, 0x0000000082700000, 0x0000000082700000|100%|HC|  |TAMS 0x0000000082700000, 0x0000000082600000| Complete 
|  39|0x0000000082700000, 0x0000000082800000, 0x0000000082800000|100%|HC|  |TAMS 0x0000000082800000, 0x0000000082700000| Complete 
|  40|0x0000000082800000, 0x0000000082900000, 0x0000000082900000|100%| O|  |TAMS 0x0000000082900000, 0x0000000082800000| Updating 
|  41|0x0000000082900000, 0x0000000082a00000, 0x0000000082a00000|100%| O|  |TAMS 0x0000000082a00000, 0x0000000082900000| Updating 
|  42|0x0000000082a00000, 0x0000000082b00000, 0x0000000082b00000|100%| O|  |TAMS 0x0000000082b00000, 0x0000000082a00000| Updating 
|  43|0x0000000082b00000, 0x0000000082c00000, 0x0000000082c00000|100%| O|  |TAMS 0x0000000082c00000, 0x0000000082b00000| Updating 
|  44|0x0000000082c00000, 0x0000000082d00000, 0x0000000082d00000|100%| O|  |TAMS 0x0000000082d00000, 0x0000000082c00000| Updating 
|  45|0x0000000082d00000, 0x0000000082e00000, 0x0000000082e00000|100%| O|  |TAMS 0x0000000082e00000, 0x0000000082d00000| Updating 
|  46|0x0000000082e00000, 0x0000000082f00000, 0x0000000082f00000|100%| O|  |TAMS 0x0000000082f00000, 0x0000000082e00000| Updating 
|  47|0x0000000082f00000, 0x0000000083000000, 0x0000000083000000|100%| O|  |TAMS 0x0000000083000000, 0x0000000082f00000| Updating 
|  48|0x0000000083000000, 0x0000000083100000, 0x0000000083100000|100%| O|  |TAMS 0x0000000083100000, 0x0000000083000000| Updating 
|  49|0x0000000083100000, 0x0000000083200000, 0x0000000083200000|100%| O|  |TAMS 0x0000000083200000, 0x0000000083100000| Updating 
|  50|0x0000000083200000, 0x0000000083300000, 0x0000000083300000|100%| O|  |TAMS 0x0000000083300000, 0x0000000083200000| Updating 
|  51|0x0000000083300000, 0x0000000083400000, 0x0000000083400000|100%| O|  |TAMS 0x0000000083400000, 0x0000000083300000| Updating 
|  52|0x0000000083400000, 0x0000000083500000, 0x0000000083500000|100%| O|  |TAMS 0x0000000083500000, 0x0000000083400000| Updating 
|  53|0x0000000083500000, 0x0000000083600000, 0x0000000083600000|100%| O|  |TAMS 0x0000000083600000, 0x0000000083500000| Updating 
|  54|0x0000000083600000, 0x0000000083700000, 0x0000000083700000|100%| O|  |TAMS 0x0000000083700000, 0x0000000083600000| Updating 
|  55|0x0000000083700000, 0x0000000083800000, 0x0000000083800000|100%| O|  |TAMS 0x0000000083800000, 0x0000000083700000| Updating 
|  56|0x0000000083800000, 0x0000000083900000, 0x0000000083900000|100%| O|  |TAMS 0x0000000083900000, 0x0000000083800000| Updating 
|  57|0x0000000083900000, 0x0000000083a00000, 0x0000000083a00000|100%|HS|  |TAMS 0x0000000083a00000, 0x0000000083900000| Complete 
|  58|0x0000000083a00000, 0x0000000083b00000, 0x0000000083b00000|100%|HS|  |TAMS 0x0000000083b00000, 0x0000000083a00000| Complete 
|  59|0x0000000083b00000, 0x0000000083c00000, 0x0000000083c00000|100%| O|  |TAMS 0x0000000083c00000, 0x0000000083b00000| Updating 
|  60|0x0000000083c00000, 0x0000000083d00000, 0x0000000083d00000|100%| O|  |TAMS 0x0000000083d00000, 0x0000000083c00000| Updating 
|  61|0x0000000083d00000, 0x0000000083e00000, 0x0000000083e00000|100%| O|  |TAMS 0x0000000083e00000, 0x0000000083d00000| Updating 
|  62|0x0000000083e00000, 0x0000000083f00000, 0x0000000083f00000|100%| O|  |TAMS 0x0000000083f00000, 0x0000000083e00000| Updating 
|  63|0x0000000083f00000, 0x0000000084000000, 0x0000000084000000|100%| O|  |TAMS 0x0000000084000000, 0x0000000083f00000| Updating 
|  64|0x0000000084000000, 0x0000000084100000, 0x0000000084100000|100%| O|  |TAMS 0x0000000084100000, 0x0000000084000000| Updating 
|  65|0x0000000084100000, 0x0000000084200000, 0x0000000084200000|100%| O|  |TAMS 0x0000000084200000, 0x0000000084100000| Updating 
|  66|0x0000000084200000, 0x0000000084300000, 0x0000000084300000|100%| O|  |TAMS 0x0000000084300000, 0x0000000084200000| Updating 
|  67|0x0000000084300000, 0x0000000084400000, 0x0000000084400000|100%| O|  |TAMS 0x0000000084400000, 0x0000000084300000| Updating 
|  68|0x0000000084400000, 0x0000000084500000, 0x0000000084500000|100%| O|  |TAMS 0x0000000084500000, 0x0000000084400000| Updating 
|  69|0x0000000084500000, 0x0000000084600000, 0x0000000084600000|100%| O|  |TAMS 0x0000000084600000, 0x0000000084500000| Updating 
|  70|0x0000000084600000, 0x0000000084700000, 0x0000000084700000|100%| O|  |TAMS 0x0000000084700000, 0x0000000084600000| Updating 
|  71|0x0000000084700000, 0x0000000084800000, 0x0000000084800000|100%| O|  |TAMS 0x0000000084800000, 0x0000000084700000| Updating 
|  72|0x0000000084800000, 0x0000000084900000, 0x0000000084900000|100%| O|  |TAMS 0x0000000084900000, 0x0000000084800000| Updating 
|  73|0x0000000084900000, 0x0000000084a00000, 0x0000000084a00000|100%| O|  |TAMS 0x0000000084a00000, 0x0000000084900000| Updating 
|  74|0x0000000084a00000, 0x0000000084b00000, 0x0000000084b00000|100%| O|  |TAMS 0x0000000084b00000, 0x0000000084a00000| Updating 
|  75|0x0000000084b00000, 0x0000000084c00000, 0x0000000084c00000|100%| O|  |TAMS 0x0000000084c00000, 0x0000000084b00000| Updating 
|  76|0x0000000084c00000, 0x0000000084d00000, 0x0000000084d00000|100%| O|  |TAMS 0x0000000084d00000, 0x0000000084c00000| Updating 
|  77|0x0000000084d00000, 0x0000000084e00000, 0x0000000084e00000|100%| O|  |TAMS 0x0000000084e00000, 0x0000000084d00000| Updating 
|  78|0x0000000084e00000, 0x0000000084f00000, 0x0000000084f00000|100%|HS|  |TAMS 0x0000000084f00000, 0x0000000084e00000| Complete 
|  79|0x0000000084f00000, 0x0000000085000000, 0x0000000085000000|100%|HS|  |TAMS 0x0000000085000000, 0x0000000084f00000| Complete 
|  80|0x0000000085000000, 0x0000000085100000, 0x0000000085100000|100%|HS|  |TAMS 0x0000000085100000, 0x0000000085000000| Complete 
|  81|0x0000000085100000, 0x0000000085200000, 0x0000000085200000|100%|HS|  |TAMS 0x0000000085200000, 0x0000000085100000| Complete 
|  82|0x0000000085200000, 0x0000000085300000, 0x0000000085300000|100%|HC|  |TAMS 0x0000000085300000, 0x0000000085200000| Complete 
|  83|0x0000000085300000, 0x0000000085400000, 0x0000000085400000|100%|HC|  |TAMS 0x0000000085400000, 0x0000000085300000| Complete 
|  84|0x0000000085400000, 0x0000000085500000, 0x0000000085500000|100%| O|  |TAMS 0x0000000085500000, 0x0000000085400000| Updating 
|  85|0x0000000085500000, 0x0000000085600000, 0x0000000085600000|100%| O|  |TAMS 0x0000000085600000, 0x0000000085500000| Updating 
|  86|0x0000000085600000, 0x0000000085700000, 0x0000000085700000|100%| O|  |TAMS 0x0000000085700000, 0x0000000085600000| Updating 
|  87|0x0000000085700000, 0x0000000085800000, 0x0000000085800000|100%|HS|  |TAMS 0x0000000085800000, 0x0000000085700000| Complete 
|  88|0x0000000085800000, 0x0000000085900000, 0x0000000085900000|100%|HC|  |TAMS 0x0000000085900000, 0x0000000085800000| Complete 
|  89|0x0000000085900000, 0x0000000085a00000, 0x0000000085a00000|100%| O|  |TAMS 0x0000000085a00000, 0x0000000085900000| Updating 
|  90|0x0000000085a00000, 0x0000000085b00000, 0x0000000085b00000|100%| O|  |TAMS 0x0000000085b00000, 0x0000000085a00000| Updating 
|  91|0x0000000085b00000, 0x0000000085c00000, 0x0000000085c00000|100%| O|  |TAMS 0x0000000085c00000, 0x0000000085b00000| Updating 
|  92|0x0000000085c00000, 0x0000000085d00000, 0x0000000085d00000|100%| O|  |TAMS 0x0000000085d00000, 0x0000000085c00000| Updating 
|  93|0x0000000085d00000, 0x0000000085e00000, 0x0000000085e00000|100%| O|  |TAMS 0x0000000085e00000, 0x0000000085d00000| Updating 
|  94|0x0000000085e00000, 0x0000000085f00000, 0x0000000085f00000|100%| O|  |TAMS 0x0000000085f00000, 0x0000000085e00000| Updating 
|  95|0x0000000085f00000, 0x0000000086000000, 0x0000000086000000|100%| O|  |TAMS 0x0000000086000000, 0x0000000085f00000| Updating 
|  96|0x0000000086000000, 0x0000000086100000, 0x0000000086100000|100%| O|  |TAMS 0x0000000086100000, 0x0000000086000000| Updating 
|  97|0x0000000086100000, 0x0000000086200000, 0x0000000086200000|100%| O|  |TAMS 0x0000000086200000, 0x0000000086100000| Updating 
|  98|0x0000000086200000, 0x0000000086300000, 0x0000000086300000|100%| O|  |TAMS 0x0000000086300000, 0x0000000086200000| Updating 
|  99|0x0000000086300000, 0x0000000086400000, 0x0000000086400000|100%| O|  |TAMS 0x0000000086400000, 0x0000000086300000| Updating 
| 100|0x0000000086400000, 0x0000000086500000, 0x0000000086500000|100%| O|  |TAMS 0x0000000086500000, 0x0000000086400000| Updating 
| 101|0x0000000086500000, 0x0000000086600000, 0x0000000086600000|100%|HS|  |TAMS 0x0000000086600000, 0x0000000086500000| Complete 
| 102|0x0000000086600000, 0x0000000086700000, 0x0000000086700000|100%|HS|  |TAMS 0x0000000086700000, 0x0000000086600000| Complete 
| 103|0x0000000086700000, 0x0000000086800000, 0x0000000086800000|100%|HS|  |TAMS 0x0000000086800000, 0x0000000086700000| Complete 
| 104|0x0000000086800000, 0x0000000086900000, 0x0000000086900000|100%|HC|  |TAMS 0x0000000086900000, 0x0000000086800000| Complete 
| 105|0x0000000086900000, 0x0000000086a00000, 0x0000000086a00000|100%|HC|  |TAMS 0x0000000086a00000, 0x0000000086900000| Complete 
| 106|0x0000000086a00000, 0x0000000086b00000, 0x0000000086b00000|100%| O|  |TAMS 0x0000000086b00000, 0x0000000086a00000| Updating 
| 107|0x0000000086b00000, 0x0000000086c00000, 0x0000000086c00000|100%| O|  |TAMS 0x0000000086c00000, 0x0000000086b00000| Updating 
| 108|0x0000000086c00000, 0x0000000086d00000, 0x0000000086d00000|100%| O|  |TAMS 0x0000000086d00000, 0x0000000086c00000| Updating 
| 109|0x0000000086d00000, 0x0000000086e00000, 0x0000000086e00000|100%| O|  |TAMS 0x0000000086e00000, 0x0000000086d00000| Updating 
| 110|0x0000000086e00000, 0x0000000086f00000, 0x0000000086f00000|100%| O|  |TAMS 0x0000000086f00000, 0x0000000086e00000| Updating 
| 111|0x0000000086f00000, 0x0000000087000000, 0x0000000087000000|100%| O|  |TAMS 0x0000000087000000, 0x0000000086f00000| Updating 
| 112|0x0000000087000000, 0x0000000087100000, 0x0000000087100000|100%| O|  |TAMS 0x0000000087100000, 0x0000000087000000| Updating 
| 113|0x0000000087100000, 0x0000000087200000, 0x0000000087200000|100%| O|  |TAMS 0x0000000087200000, 0x0000000087100000| Updating 
| 114|0x0000000087200000, 0x0000000087300000, 0x0000000087300000|100%| O|  |TAMS 0x0000000087300000, 0x0000000087200000| Updating 
| 115|0x0000000087300000, 0x0000000087400000, 0x0000000087400000|100%| O|  |TAMS 0x0000000087400000, 0x0000000087300000| Updating 
| 116|0x0000000087400000, 0x0000000087500000, 0x0000000087500000|100%| O|  |TAMS 0x0000000087500000, 0x0000000087400000| Updating 
| 117|0x0000000087500000, 0x0000000087600000, 0x0000000087600000|100%|HS|  |TAMS 0x0000000087600000, 0x0000000087500000| Complete 
| 118|0x0000000087600000, 0x0000000087700000, 0x0000000087700000|100%|HS|  |TAMS 0x0000000087700000, 0x0000000087600000| Complete 
| 119|0x0000000087700000, 0x0000000087800000, 0x0000000087800000|100%| O|  |TAMS 0x0000000087800000, 0x0000000087700000| Updating 
| 120|0x0000000087800000, 0x0000000087900000, 0x0000000087900000|100%| O|  |TAMS 0x0000000087900000, 0x0000000087800000| Updating 
| 121|0x0000000087900000, 0x0000000087a00000, 0x0000000087a00000|100%| O|  |TAMS 0x0000000087a00000, 0x0000000087900000| Updating 
| 122|0x0000000087a00000, 0x0000000087b00000, 0x0000000087b00000|100%| O|  |TAMS 0x0000000087b00000, 0x0000000087a00000| Updating 
| 123|0x0000000087b00000, 0x0000000087c00000, 0x0000000087c00000|100%| O|  |TAMS 0x0000000087c00000, 0x0000000087b00000| Updating 
| 124|0x0000000087c00000, 0x0000000087d00000, 0x0000000087d00000|100%| O|  |TAMS 0x0000000087d00000, 0x0000000087c00000| Updating 
| 125|0x0000000087d00000, 0x0000000087e00000, 0x0000000087e00000|100%| O|  |TAMS 0x0000000087e00000, 0x0000000087d00000| Updating 
| 126|0x0000000087e00000, 0x0000000087f00000, 0x0000000087f00000|100%| O|  |TAMS 0x0000000087f00000, 0x0000000087e00000| Updating 
| 127|0x0000000087f00000, 0x0000000088000000, 0x0000000088000000|100%| O|  |TAMS 0x0000000088000000, 0x0000000087f00000| Updating 
| 128|0x0000000088000000, 0x0000000088043200, 0x0000000088100000| 26%| O|  |TAMS 0x0000000088043200, 0x0000000088000000| Updating 
| 129|0x0000000088100000, 0x0000000088100000, 0x0000000088200000|  0%| F|  |TAMS 0x0000000088100000, 0x0000000088100000| Untracked 
| 130|0x0000000088200000, 0x0000000088200000, 0x0000000088300000|  0%| F|  |TAMS 0x0000000088200000, 0x0000000088200000| Untracked 
| 131|0x0000000088300000, 0x0000000088300000, 0x0000000088400000|  0%| F|  |TAMS 0x0000000088300000, 0x0000000088300000| Untracked 
| 132|0x0000000088400000, 0x0000000088400000, 0x0000000088500000|  0%| F|  |TAMS 0x0000000088400000, 0x0000000088400000| Untracked 
| 133|0x0000000088500000, 0x0000000088500000, 0x0000000088600000|  0%| F|  |TAMS 0x0000000088500000, 0x0000000088500000| Untracked 
| 134|0x0000000088600000, 0x0000000088600000, 0x0000000088700000|  0%| F|  |TAMS 0x0000000088600000, 0x0000000088600000| Untracked 
| 135|0x0000000088700000, 0x0000000088700000, 0x0000000088800000|  0%| F|  |TAMS 0x0000000088700000, 0x0000000088700000| Untracked 
| 136|0x0000000088800000, 0x0000000088800000, 0x0000000088900000|  0%| F|  |TAMS 0x0000000088800000, 0x0000000088800000| Untracked 
| 137|0x0000000088900000, 0x0000000088900000, 0x0000000088a00000|  0%| F|  |TAMS 0x0000000088900000, 0x0000000088900000| Untracked 
| 138|0x0000000088a00000, 0x0000000088a00000, 0x0000000088b00000|  0%| F|  |TAMS 0x0000000088a00000, 0x0000000088a00000| Untracked 
| 139|0x0000000088b00000, 0x0000000088b00000, 0x0000000088c00000|  0%| F|  |TAMS 0x0000000088b00000, 0x0000000088b00000| Untracked 
| 140|0x0000000088c00000, 0x0000000088c00000, 0x0000000088d00000|  0%| F|  |TAMS 0x0000000088c00000, 0x0000000088c00000| Untracked 
| 141|0x0000000088d00000, 0x0000000088d00000, 0x0000000088e00000|  0%| F|  |TAMS 0x0000000088d00000, 0x0000000088d00000| Untracked 
| 142|0x0000000088e00000, 0x0000000088e00000, 0x0000000088f00000|  0%| F|  |TAMS 0x0000000088e00000, 0x0000000088e00000| Untracked 
| 143|0x0000000088f00000, 0x0000000088f00000, 0x0000000089000000|  0%| F|  |TAMS 0x0000000088f00000, 0x0000000088f00000| Untracked 
| 144|0x0000000089000000, 0x0000000089000000, 0x0000000089100000|  0%| F|  |TAMS 0x0000000089000000, 0x0000000089000000| Untracked 
| 145|0x0000000089100000, 0x0000000089100000, 0x0000000089200000|  0%| F|  |TAMS 0x0000000089100000, 0x0000000089100000| Untracked 
| 146|0x0000000089200000, 0x0000000089200000, 0x0000000089300000|  0%| F|  |TAMS 0x0000000089200000, 0x0000000089200000| Untracked 
| 147|0x0000000089300000, 0x0000000089300000, 0x0000000089400000|  0%| F|  |TAMS 0x0000000089300000, 0x0000000089300000| Untracked 
| 148|0x0000000089400000, 0x0000000089400000, 0x0000000089500000|  0%| F|  |TAMS 0x0000000089400000, 0x0000000089400000| Untracked 
| 149|0x0000000089500000, 0x0000000089500000, 0x0000000089600000|  0%| F|  |TAMS 0x0000000089500000, 0x0000000089500000| Untracked 
| 150|0x0000000089600000, 0x0000000089600000, 0x0000000089700000|  0%| F|  |TAMS 0x0000000089600000, 0x0000000089600000| Untracked 
| 151|0x0000000089700000, 0x0000000089700000, 0x0000000089800000|  0%| F|  |TAMS 0x0000000089700000, 0x0000000089700000| Untracked 
| 152|0x0000000089800000, 0x0000000089800000, 0x0000000089900000|  0%| F|  |TAMS 0x0000000089800000, 0x0000000089800000| Untracked 
| 153|0x0000000089900000, 0x0000000089900000, 0x0000000089a00000|  0%| F|  |TAMS 0x0000000089900000, 0x0000000089900000| Untracked 
| 154|0x0000000089a00000, 0x0000000089a00000, 0x0000000089b00000|  0%| F|  |TAMS 0x0000000089a00000, 0x0000000089a00000| Untracked 
| 155|0x0000000089b00000, 0x0000000089b00000, 0x0000000089c00000|  0%| F|  |TAMS 0x0000000089b00000, 0x0000000089b00000| Untracked 
| 156|0x0000000089c00000, 0x0000000089c00000, 0x0000000089d00000|  0%| F|  |TAMS 0x0000000089c00000, 0x0000000089c00000| Untracked 
| 157|0x0000000089d00000, 0x0000000089d00000, 0x0000000089e00000|  0%| F|  |TAMS 0x0000000089d00000, 0x0000000089d00000| Untracked 
| 158|0x0000000089e00000, 0x0000000089e00000, 0x0000000089f00000|  0%| F|  |TAMS 0x0000000089e00000, 0x0000000089e00000| Untracked 
| 159|0x0000000089f00000, 0x0000000089f00000, 0x000000008a000000|  0%| F|  |TAMS 0x0000000089f00000, 0x0000000089f00000| Untracked 
| 160|0x000000008a000000, 0x000000008a000000, 0x000000008a100000|  0%| F|  |TAMS 0x000000008a000000, 0x000000008a000000| Untracked 
| 161|0x000000008a100000, 0x000000008a100000, 0x000000008a200000|  0%| F|  |TAMS 0x000000008a100000, 0x000000008a100000| Untracked 
| 162|0x000000008a200000, 0x000000008a200000, 0x000000008a300000|  0%| F|  |TAMS 0x000000008a200000, 0x000000008a200000| Untracked 
| 163|0x000000008a300000, 0x000000008a391a10, 0x000000008a400000| 56%| S|CS|TAMS 0x000000008a300000, 0x000000008a300000| Complete 
| 164|0x000000008a400000, 0x000000008a500000, 0x000000008a500000|100%| S|CS|TAMS 0x000000008a400000, 0x000000008a400000| Complete 
| 165|0x000000008a500000, 0x000000008a500000, 0x000000008a600000|  0%| F|  |TAMS 0x000000008a500000, 0x000000008a500000| Untracked 
| 166|0x000000008a600000, 0x000000008a600000, 0x000000008a700000|  0%| F|  |TAMS 0x000000008a600000, 0x000000008a600000| Untracked 
| 167|0x000000008a700000, 0x000000008a700000, 0x000000008a800000|  0%| F|  |TAMS 0x000000008a700000, 0x000000008a700000| Untracked 
| 168|0x000000008a800000, 0x000000008a800000, 0x000000008a900000|  0%| F|  |TAMS 0x000000008a800000, 0x000000008a800000| Untracked 
| 169|0x000000008a900000, 0x000000008a9a2200, 0x000000008aa00000| 63%| E|  |TAMS 0x000000008a900000, 0x000000008a900000| Complete 
| 170|0x000000008aa00000, 0x000000008ab00000, 0x000000008ab00000|100%| E|CS|TAMS 0x000000008aa00000, 0x000000008aa00000| Complete 
| 171|0x000000008ab00000, 0x000000008ac00000, 0x000000008ac00000|100%| E|CS|TAMS 0x000000008ab00000, 0x000000008ab00000| Complete 
| 172|0x000000008ac00000, 0x000000008ad00000, 0x000000008ad00000|100%| E|CS|TAMS 0x000000008ac00000, 0x000000008ac00000| Complete 
| 173|0x000000008ad00000, 0x000000008ae00000, 0x000000008ae00000|100%| E|CS|TAMS 0x000000008ad00000, 0x000000008ad00000| Complete 
| 174|0x000000008ae00000, 0x000000008af00000, 0x000000008af00000|100%| E|CS|TAMS 0x000000008ae00000, 0x000000008ae00000| Complete 
| 175|0x000000008af00000, 0x000000008b000000, 0x000000008b000000|100%| E|CS|TAMS 0x000000008af00000, 0x000000008af00000| Complete 
| 176|0x000000008b000000, 0x000000008b100000, 0x000000008b100000|100%| E|CS|TAMS 0x000000008b000000, 0x000000008b000000| Complete 
| 177|0x000000008b100000, 0x000000008b200000, 0x000000008b200000|100%| E|CS|TAMS 0x000000008b100000, 0x000000008b100000| Complete 
| 178|0x000000008b200000, 0x000000008b300000, 0x000000008b300000|100%| E|CS|TAMS 0x000000008b200000, 0x000000008b200000| Complete 
| 179|0x000000008b300000, 0x000000008b400000, 0x000000008b400000|100%| E|CS|TAMS 0x000000008b300000, 0x000000008b300000| Complete 

Card table byte_map: [0x00000146ff4b0000,0x00000146ff8b0000] _byte_map_base: 0x00000146ff0b0000

Marking Bits (Prev, Next): (CMBitMap*) 0x00000146e5b72550, (CMBitMap*) 0x00000146e5b72518
 Prev Bits: [0x0000014682000000, 0x0000014684000000)
 Next Bits: [0x0000014680000000, 0x0000014682000000)

Polling page: 0x00000146e5c10000

Metaspace:

Usage:
  Non-class:     88.65 MB capacity,    86.76 MB ( 98%) used,     1.57 MB (  2%) free+waste,   325.25 KB ( <1%) overhead. 
      Class:     14.46 MB capacity,    13.14 MB ( 91%) used,     1.17 MB (  8%) free+waste,   150.19 KB (  1%) overhead. 
       Both:    103.10 MB capacity,    99.90 MB ( 97%) used,     2.74 MB (  3%) free+waste,   475.44 KB ( <1%) overhead. 

Virtual space:
  Non-class space:       90.00 MB reserved,      88.83 MB ( 99%) committed 
      Class space:      504.00 MB reserved,      14.50 MB (  3%) committed 
             Both:      594.00 MB reserved,     103.33 MB ( 17%) committed 

Chunk freelists:
   Non-Class:  56.00 KB
       Class:  14.00 KB
        Both:  70.00 KB

MaxMetaspaceSize: 512.00 MB
CompressedClassSpaceSize: 504.00 MB
Initial GC threshold: 20.80 MB
Current GC threshold: 172.21 MB
CDS: off

CodeHeap 'non-profiled nmethods': size=120064Kb used=6116Kb max_used=6116Kb free=113947Kb
 bounds [0x00000146f7540000, 0x00000146f7b40000, 0x00000146fea80000]
CodeHeap 'profiled nmethods': size=120000Kb used=24331Kb max_used=24331Kb free=95668Kb
 bounds [0x00000146f0010000, 0x00000146f17e0000, 0x00000146f7540000]
CodeHeap 'non-nmethods': size=5696Kb used=2395Kb max_used=2447Kb free=3301Kb
 bounds [0x00000146efa80000, 0x00000146efd00000, 0x00000146f0010000]
 total_blobs=12423 nmethods=11499 adapters=836
 compilation: enabled
              stopped_count=0, restarted_count=0
 full_count=0

Compilation events (20 events):
Event: 231.133 Thread 0x0000014686bba800 11987       2       org.gradle.api.internal.DefaultNamedDomainObjectCollection$AbstractDomainObjectCreatingProvider::calculateOwnValue (71 bytes)
Event: 231.138 Thread 0x0000014686bba800 nmethod 11987 0x00000146f17c0990 code [0x00000146f17c0bc0, 0x00000146f17c11a8]
Event: 231.138 Thread 0x0000014686bba800 11988       2       org.gradle.api.internal.tasks.DefaultTaskDependency$TaskDependencySet::add (11 bytes)
Event: 231.139 Thread 0x0000014686bba800 nmethod 11988 0x00000146f17c1490 code [0x00000146f17c1640, 0x00000146f17c1768]
Event: 231.143 Thread 0x0000014686bba800 11989       2       java.lang.reflect.Method::equals (69 bytes)
Event: 231.145 Thread 0x0000014686bba800 nmethod 11989 0x00000146f17c1810 code [0x00000146f17c19e0, 0x00000146f17c1c08]
Event: 231.221 Thread 0x0000014686bb8800 nmethod 11916 0x00000146f7b32490 code [0x00000146f7b328e0, 0x00000146f7b35800]
Event: 231.222 Thread 0x0000014686bb8800 11931       4       com.google.common.collect.RegularImmutableMap::checkNoConflictInKeyBucket (119 bytes)
Event: 231.231 Thread 0x0000014686bb8800 nmethod 11931 0x00000146f7b37790 code [0x00000146f7b37920, 0x00000146f7b379f8]
Event: 231.232 Thread 0x0000014686bb8800 11984       4       org.gradle.internal.snapshot.impl.StringValueSnapshot::equals (6 bytes)
Event: 231.246 Thread 0x0000014686bb8800 nmethod 11984 0x00000146f7b37b10 code [0x00000146f7b37cc0, 0x00000146f7b37f78]
Event: 231.246 Thread 0x0000014686bb8800 11956       4       java.util.LinkedHashMap$LinkedEntryIterator::next (5 bytes)
Event: 231.261 Thread 0x0000014686bb8800 nmethod 11956 0x00000146f7b38110 code [0x00000146f7b382a0, 0x00000146f7b384d8]
Event: 231.261 Thread 0x0000014686bb8800 11990       4       java.lang.reflect.Modifier::isProtected (12 bytes)
Event: 231.262 Thread 0x0000014686bb8800 nmethod 11990 0x00000146f7b38610 code [0x00000146f7b387a0, 0x00000146f7b387f8]
Event: 231.262 Thread 0x0000014686bb8800 11917       4       sun.reflect.generics.tree.ClassTypeSignature::accept (8 bytes)
Event: 231.267 Thread 0x0000014686bb8800 nmethod 11917 0x00000146f7b38910 code [0x00000146f7b38ac0, 0x00000146f7b38b88]
Event: 231.267 Thread 0x0000014686bb8800 11927       4       java.lang.CharacterDataLatin1::isUpperCase (20 bytes)
Event: 231.270 Thread 0x0000014686bb8800 nmethod 11927 0x00000146f7b38c90 code [0x00000146f7b38e20, 0x00000146f7b38eb8]
Event: 231.270 Thread 0x0000014686bb8800 11913       4       org.gradle.internal.instantiation.generator.AbstractClassGenerator$ClassMetadata::property (42 bytes)

GC Heap History (20 events):
Event: 223.581 GC heap before
{Heap before GC invocations=88 (full 0):
 garbage-first heap   total 153600K, used 133780K [0x0000000080000000, 0x0000000100000000)
  region size 1024K, 8 young (8192K), 2 survivors (2048K)
 Metaspace       used 97964K, capacity 101047K, committed 101328K, reserved 604160K
  class space    used 12823K, capacity 14102K, committed 14208K, reserved 516096K
}
Event: 223.600 GC heap after
{Heap after GC invocations=89 (full 0):
 garbage-first heap   total 153600K, used 129076K [0x0000000080000000, 0x0000000100000000)
  region size 1024K, 1 young (1024K), 1 survivors (1024K)
 Metaspace       used 97964K, capacity 101047K, committed 101328K, reserved 604160K
  class space    used 12823K, capacity 14102K, committed 14208K, reserved 516096K
}
Event: 224.187 GC heap before
{Heap before GC invocations=89 (full 0):
 garbage-first heap   total 153600K, used 135220K [0x0000000080000000, 0x0000000100000000)
  region size 1024K, 7 young (7168K), 1 survivors (1024K)
 Metaspace       used 98205K, capacity 101245K, committed 101328K, reserved 604160K
  class space    used 12865K, capacity 14125K, committed 14208K, reserved 516096K
}
Event: 224.203 GC heap after
{Heap after GC invocations=90 (full 0):
 garbage-first heap   total 153600K, used 130052K [0x0000000080000000, 0x0000000100000000)
  region size 1024K, 1 young (1024K), 1 survivors (1024K)
 Metaspace       used 98205K, capacity 101245K, committed 101328K, reserved 604160K
  class space    used 12865K, capacity 14125K, committed 14208K, reserved 516096K
}
Event: 224.476 GC heap before
{Heap before GC invocations=90 (full 0):
 garbage-first heap   total 153600K, used 136196K [0x0000000080000000, 0x0000000100000000)
  region size 1024K, 7 young (7168K), 1 survivors (1024K)
 Metaspace       used 98461K, capacity 101533K, committed 101584K, reserved 604160K
  class space    used 12907K, capacity 14196K, committed 14208K, reserved 516096K
}
Event: 224.485 GC heap after
{Heap after GC invocations=91 (full 0):
 garbage-first heap   total 153600K, used 130380K [0x0000000080000000, 0x0000000100000000)
  region size 1024K, 1 young (1024K), 1 survivors (1024K)
 Metaspace       used 98461K, capacity 101533K, committed 101584K, reserved 604160K
  class space    used 12907K, capacity 14196K, committed 14208K, reserved 516096K
}
Event: 224.907 GC heap before
{Heap before GC invocations=91 (full 0):
 garbage-first heap   total 153600K, used 136524K [0x0000000080000000, 0x0000000100000000)
  region size 1024K, 7 young (7168K), 1 survivors (1024K)
 Metaspace       used 98798K, capacity 101971K, committed 102224K, reserved 604160K
  class space    used 12962K, capacity 14235K, committed 14336K, reserved 516096K
}
Event: 224.915 GC heap after
{Heap after GC invocations=92 (full 0):
 garbage-first heap   total 153600K, used 130426K [0x0000000080000000, 0x0000000100000000)
  region size 1024K, 1 young (1024K), 1 survivors (1024K)
 Metaspace       used 98798K, capacity 101971K, committed 102224K, reserved 604160K
  class space    used 12962K, capacity 14235K, committed 14336K, reserved 516096K
}
Event: 225.469 GC heap before
{Heap before GC invocations=93 (full 0):
 garbage-first heap   total 153600K, used 136570K [0x0000000080000000, 0x0000000100000000)
  region size 1024K, 7 young (7168K), 1 survivors (1024K)
 Metaspace       used 99114K, capacity 102273K, committed 102480K, reserved 606208K
  class space    used 13010K, capacity 14269K, committed 14336K, reserved 516096K
}
Event: 225.477 GC heap after
{Heap after GC invocations=94 (full 0):
 garbage-first heap   total 153600K, used 130709K [0x0000000080000000, 0x0000000100000000)
  region size 1024K, 1 young (1024K), 1 survivors (1024K)
 Metaspace       used 99114K, capacity 102273K, committed 102480K, reserved 606208K
  class space    used 13010K, capacity 14269K, committed 14336K, reserved 516096K
}
Event: 226.042 GC heap before
{Heap before GC invocations=94 (full 0):
 garbage-first heap   total 153600K, used 136853K [0x0000000080000000, 0x0000000100000000)
  region size 1024K, 7 young (7168K), 1 survivors (1024K)
 Metaspace       used 99431K, capacity 102629K, committed 102864K, reserved 606208K
  class space    used 13059K, capacity 14341K, committed 14464K, reserved 516096K
}
Event: 226.056 GC heap after
{Heap after GC invocations=95 (full 0):
 garbage-first heap   total 153600K, used 130994K [0x0000000080000000, 0x0000000100000000)
  region size 1024K, 1 young (1024K), 1 survivors (1024K)
 Metaspace       used 99431K, capacity 102629K, committed 102864K, reserved 606208K
  class space    used 13059K, capacity 14341K, committed 14464K, reserved 516096K
}
Event: 227.163 GC heap before
{Heap before GC invocations=95 (full 0):
 garbage-first heap   total 153600K, used 137138K [0x0000000080000000, 0x0000000100000000)
  region size 1024K, 7 young (7168K), 1 survivors (1024K)
 Metaspace       used 99798K, capacity 102941K, committed 103120K, reserved 606208K
  class space    used 13107K, capacity 14377K, committed 14464K, reserved 516096K
}
Event: 227.176 GC heap after
{Heap after GC invocations=96 (full 0):
 garbage-first heap   total 153600K, used 131347K [0x0000000080000000, 0x0000000100000000)
  region size 1024K, 1 young (1024K), 1 survivors (1024K)
 Metaspace       used 99798K, capacity 102941K, committed 103120K, reserved 606208K
  class space    used 13107K, capacity 14377K, committed 14464K, reserved 516096K
}
Event: 227.873 GC heap before
{Heap before GC invocations=96 (full 0):
 garbage-first heap   total 153600K, used 137491K [0x0000000080000000, 0x0000000100000000)
  region size 1024K, 7 young (7168K), 1 survivors (1024K)
 Metaspace       used 100160K, capacity 103332K, committed 103376K, reserved 606208K
  class space    used 13151K, capacity 14442K, committed 14464K, reserved 516096K
}
Event: 227.884 GC heap after
{Heap after GC invocations=97 (full 0):
 garbage-first heap   total 153600K, used 131756K [0x0000000080000000, 0x0000000100000000)
  region size 1024K, 1 young (1024K), 1 survivors (1024K)
 Metaspace       used 100160K, capacity 103332K, committed 103376K, reserved 606208K
  class space    used 13151K, capacity 14442K, committed 14464K, reserved 516096K
}
Event: 228.643 GC heap before
{Heap before GC invocations=98 (full 0):
 garbage-first heap   total 153600K, used 137900K [0x0000000080000000, 0x0000000100000000)
  region size 1024K, 7 young (7168K), 1 survivors (1024K)
 Metaspace       used 100574K, capacity 103819K, committed 104016K, reserved 606208K
  class space    used 13217K, capacity 14541K, committed 14592K, reserved 516096K
}
Event: 228.888 GC heap after
{Heap after GC invocations=99 (full 0):
 garbage-first heap   total 184320K, used 132047K [0x0000000080000000, 0x0000000100000000)
  region size 1024K, 1 young (1024K), 1 survivors (1024K)
 Metaspace       used 100574K, capacity 103819K, committed 104016K, reserved 606208K
  class space    used 13217K, capacity 14541K, committed 14592K, reserved 516096K
}
Event: 230.607 GC heap before
{Heap before GC invocations=99 (full 0):
 garbage-first heap   total 184320K, used 147407K [0x0000000080000000, 0x0000000100000000)
  region size 1024K, 16 young (16384K), 1 survivors (1024K)
 Metaspace       used 101512K, capacity 104778K, committed 104912K, reserved 608256K
  class space    used 13344K, capacity 14687K, committed 14720K, reserved 516096K
}
Event: 230.622 GC heap after
{Heap after GC invocations=100 (full 0):
 garbage-first heap   total 184320K, used 132947K [0x0000000080000000, 0x0000000100000000)
  region size 1024K, 2 young (2048K), 2 survivors (2048K)
 Metaspace       used 101512K, capacity 104778K, committed 104912K, reserved 608256K
  class space    used 13344K, capacity 14687K, committed 14720K, reserved 516096K
}

Deoptimization events (20 events):
Event: 224.589 Thread 0x00000146894ae800 DEOPT PACKING pc=0x00000146f7987930 sp=0x0000003e78af7ac0
Event: 224.589 Thread 0x00000146894ae800 DEOPT UNPACKING pc=0x00000146efaca1af sp=0x0000003e78af7a58 mode 2
Event: 225.440 Thread 0x00000146894ae800 Uncommon trap: trap_request=0xffffff4d fr.pc=0x00000146f797498c relative=0x000000000000014c
Event: 225.440 Thread 0x00000146894ae800 Uncommon trap: reason=unstable_if action=reinterpret pc=0x00000146f797498c method=com.google.gson.stream.JsonReader.nextNonWhitespace(Z)I @ 93 c2
Event: 225.440 Thread 0x00000146894ae800 DEOPT PACKING pc=0x00000146f797498c sp=0x0000003e78af9140
Event: 225.441 Thread 0x00000146894ae800 DEOPT UNPACKING pc=0x00000146efaca1af sp=0x0000003e78af90b0 mode 2
Event: 225.537 Thread 0x00000146894ae800 Uncommon trap: trap_request=0xffffffdc fr.pc=0x00000146f7afc9c0 relative=0x0000000000000280
Event: 225.537 Thread 0x00000146894ae800 Uncommon trap: reason=class_check action=make_not_entrant pc=0x00000146f7afc9c0 method=java.util.ArrayList.toArray([Ljava/lang/Object;)[Ljava/lang/Object; @ 21 c2
Event: 225.537 Thread 0x00000146894ae800 DEOPT PACKING pc=0x00000146f7afc9c0 sp=0x0000003e78af90e0
Event: 225.538 Thread 0x00000146894ae800 DEOPT UNPACKING pc=0x00000146efaca1af sp=0x0000003e78af90b0 mode 2
Event: 225.575 Thread 0x00000146894ae800 DEOPT PACKING pc=0x00000146f0ab1227 sp=0x0000003e78af8f00
Event: 225.575 Thread 0x00000146894ae800 DEOPT UNPACKING pc=0x00000146efaca95e sp=0x0000003e78af8390 mode 0
Event: 225.630 Thread 0x00000146894ae800 Uncommon trap: trap_request=0xfffffff4 fr.pc=0x00000146f7afdd88 relative=0x0000000000000068
Event: 225.630 Thread 0x00000146894ae800 Uncommon trap: reason=null_check action=make_not_entrant pc=0x00000146f7afdd88 method=java.lang.Class.isAnnotation()Z @ 1 c2
Event: 225.630 Thread 0x00000146894ae800 DEOPT PACKING pc=0x00000146f7afdd88 sp=0x0000003e78af8fe0
Event: 225.630 Thread 0x00000146894ae800 DEOPT UNPACKING pc=0x00000146efaca1af sp=0x0000003e78af8f70 mode 2
Event: 230.075 Thread 0x00000146894ae800 Uncommon trap: trap_request=0xfffffff4 fr.pc=0x00000146f7b28fe0 relative=0x0000000000000780
Event: 230.075 Thread 0x00000146894ae800 Uncommon trap: reason=null_check action=make_not_entrant pc=0x00000146f7b28fe0 method=org.gradle.internal.instantiation.generator.AbstractClassGenerator$DslMixInPropertyType.visitProperty(Lorg/gradle/internal/instantiation/generator/AbstractClassGenerator
Event: 230.075 Thread 0x00000146894ae800 DEOPT PACKING pc=0x00000146f7b28fe0 sp=0x0000003e78af9190
Event: 230.075 Thread 0x00000146894ae800 DEOPT UNPACKING pc=0x00000146efaca1af sp=0x0000003e78af9168 mode 2

Classes redefined (0 events):
No events

Internal exceptions (20 events):
Event: 222.019 Thread 0x00000146878b2000 Exception <a 'java/security/PrivilegedActionException'{0x0000000088d9e720}> (0x0000000088d9e720) thrown at [s\src\hotspot\share\prims\jvm.cpp, line 1306]
Event: 222.020 Thread 0x00000146878b2000 Exception <a 'java/security/PrivilegedActionException'{0x0000000088d9ff30}> (0x0000000088d9ff30) thrown at [s\src\hotspot\share\prims\jvm.cpp, line 1306]
Event: 222.021 Thread 0x00000146878b2000 Exception <a 'java/security/PrivilegedActionException'{0x0000000088da35f8}> (0x0000000088da35f8) thrown at [s\src\hotspot\share\prims\jvm.cpp, line 1306]
Event: 222.021 Thread 0x00000146878b2000 Exception <a 'java/security/PrivilegedActionException'{0x0000000088da4e08}> (0x0000000088da4e08) thrown at [s\src\hotspot\share\prims\jvm.cpp, line 1306]
Event: 222.022 Thread 0x00000146878b2000 Exception <a 'java/security/PrivilegedActionException'{0x0000000088da8580}> (0x0000000088da8580) thrown at [s\src\hotspot\share\prims\jvm.cpp, line 1306]
Event: 222.022 Thread 0x00000146878b2000 Exception <a 'java/security/PrivilegedActionException'{0x0000000088da9d90}> (0x0000000088da9d90) thrown at [s\src\hotspot\share\prims\jvm.cpp, line 1306]
Event: 222.024 Thread 0x00000146878b2000 Exception <a 'java/security/PrivilegedActionException'{0x0000000088dad460}> (0x0000000088dad460) thrown at [s\src\hotspot\share\prims\jvm.cpp, line 1306]
Event: 222.024 Thread 0x00000146878b2000 Exception <a 'java/security/PrivilegedActionException'{0x0000000088daec70}> (0x0000000088daec70) thrown at [s\src\hotspot\share\prims\jvm.cpp, line 1306]
Event: 222.025 Thread 0x00000146878b2000 Exception <a 'java/security/PrivilegedActionException'{0x0000000088db2390}> (0x0000000088db2390) thrown at [s\src\hotspot\share\prims\jvm.cpp, line 1306]
Event: 222.025 Thread 0x00000146878b2000 Exception <a 'java/security/PrivilegedActionException'{0x0000000088db3ba0}> (0x0000000088db3ba0) thrown at [s\src\hotspot\share\prims\jvm.cpp, line 1306]
Event: 222.026 Thread 0x00000146878b2000 Exception <a 'java/security/PrivilegedActionException'{0x0000000088db7318}> (0x0000000088db7318) thrown at [s\src\hotspot\share\prims\jvm.cpp, line 1306]
Event: 222.026 Thread 0x00000146878b2000 Exception <a 'java/security/PrivilegedActionException'{0x0000000088db8b28}> (0x0000000088db8b28) thrown at [s\src\hotspot\share\prims\jvm.cpp, line 1306]
Event: 222.357 Thread 0x00000146878b2000 Exception <a 'java/lang/ClassNotFoundException'{0x00000000895956c8}: build_8fpp39d9i0hcc4nsgkqnirt53$_run_closure1BeanInfo> (0x00000000895956c8) thrown at [s\src\hotspot\share\classfile\systemDictionary.cpp, line 230]
Event: 222.360 Thread 0x00000146878b2000 Exception <a 'java/lang/ClassNotFoundException'{0x00000000895ae3e8}: build_8fpp39d9i0hcc4nsgkqnirt53$_run_closure1Customizer> (0x00000000895ae3e8) thrown at [s\src\hotspot\share\classfile\systemDictionary.cpp, line 230]
Event: 222.723 Thread 0x00000146878b2000 Exception <a 'java/lang/NoClassDefFoundError'{0x000000008921c6e0}: org/jetbrains/kotlin/gradle/plugin/KotlinBasePluginWrapper> (0x000000008921c6e0) thrown at [s\src\hotspot\share\oops\constantPool.cpp, line 775]
Event: 224.104 Thread 0x00000146894ae800 Exception <a 'java/lang/NoSuchMethodError'{0x00000000891e72f0}: 'void java.lang.invoke.DirectMethodHandle$Holder.invokeVirtual(java.lang.Object, java.lang.Object)'> (0x00000000891e72f0) thrown at [s\src\hotspot\share\interpreter\linkResolver.cpp, line 773]
Event: 228.512 Thread 0x00000146894ae800 Exception <a 'java/lang/NoSuchMethodError'{0x0000000089191fb0}: 'java.lang.Object java.lang.invoke.DirectMethodHandle$Holder.invokeStatic(java.lang.Object, java.lang.Object, java.lang.Object, java.lang.Object, java.lang.Object, java.lang.Object, int)'> (0x0000000089191fb0) thrown at [s\src\hotspot\share\interpreter\linkResolver.cpp, line 773]
Event: 228.519 Thread 0x00000146894ae800 Exception <a 'java/lang/NoSuchMethodError'{0x00000000891a97b0}: 'java.lang.Object java.lang.invoke.DirectMethodHandle$Holder.invokeStatic(java.lang.Object, java.lang.Object, java.lang.Object, java.lang.Object, java.lang.Object, java.lang.Object, int, int)'> (0x00000000891a97b0) thrown at [s\src\hotspot\share\interpreter\linkResolver.cpp, line 773]
Event: 228.532 Thread 0x00000146894ae800 Exception <a 'java/lang/NoSuchMethodError'{0x00000000891c1fe0}: 'java.lang.Object java.lang.invoke.DirectMethodHandle$Holder.invokeStatic(java.lang.Object, java.lang.Object, java.lang.Object, java.lang.Object, java.lang.Object, java.lang.Object, int, int, java.lang.Object)'> (0x00000000891c1fe0) thrown at [s\src\hotspot\share\interpreter\linkResolver.cpp, line 773]
Event: 230.075 Thread 0x00000146894ae800 Implicit null exception at 0x00000146f7b288ce to 0x00000146f7b28fd0

Events (20 events):
Event: 231.305 loading class com/google/crypto/tink/aead/AesGcmKeyManager
Event: 231.305 loading class com/google/crypto/tink/aead/AesGcmKeyManager done
Event: 231.308 loading class com/google/crypto/tink/aead/AesGcmKeyManager$2
Event: 231.308 loading class com/google/crypto/tink/aead/AesGcmKeyManager$2 done
Event: 231.311 loading class com/google/crypto/tink/proto/AesGcmKey
Event: 231.311 loading class com/google/crypto/tink/proto/AesGcmKey done
Event: 231.315 loading class com/google/crypto/tink/proto/AesGcmKeyOrBuilder
Event: 231.315 loading class com/google/crypto/tink/proto/AesGcmKeyOrBuilder done
Event: 231.319 loading class com/google/crypto/tink/aead/AesGcmKeyManager$1
Event: 231.319 loading class com/google/crypto/tink/aead/AesGcmKeyManager$1 done
Event: 231.321 loading class com/google/crypto/tink/aead/AesEaxKeyManager
Event: 231.321 loading class com/google/crypto/tink/aead/AesEaxKeyManager done
Event: 231.345 loading class com/google/crypto/tink/aead/AesEaxKeyManager$2
Event: 231.345 loading class com/google/crypto/tink/aead/AesEaxKeyManager$2 done
Event: 231.347 loading class com/google/crypto/tink/proto/AesEaxKey
Event: 231.347 loading class com/google/crypto/tink/proto/AesEaxKey done
Event: 231.351 loading class com/google/crypto/tink/proto/AesEaxKeyOrBuilder
Event: 231.351 loading class com/google/crypto/tink/proto/AesEaxKeyOrBuilder done
Event: 231.354 loading class com/google/crypto/tink/aead/AesEaxKeyManager$1
Event: 231.354 loading class com/google/crypto/tink/aead/AesEaxKeyManager$1 done


Dynamic libraries:
0x00007ff7507c0000 - 0x00007ff7507cd000 	C:\Program Files\Microsoft\jdk-11.0.20.8-hotspot\bin\java.exe
0x00007ffdcf910000 - 0x00007ffdcfb08000 	C:\Windows\SYSTEM32\ntdll.dll
0x00007ffdcde40000 - 0x00007ffdcdeff000 	C:\Windows\System32\KERNEL32.DLL
0x00007ffdcd380000 - 0x00007ffdcd676000 	C:\Windows\System32\KERNELBASE.dll
0x00007ffdcd680000 - 0x00007ffdcd780000 	C:\Windows\System32\ucrtbase.dll
0x00007ffd86870000 - 0x00007ffd86887000 	C:\Program Files\Microsoft\jdk-11.0.20.8-hotspot\bin\jli.dll
0x00007ffd82b80000 - 0x00007ffd82b95000 	C:\Program Files\Microsoft\jdk-11.0.20.8-hotspot\bin\VCRUNTIME140.dll
0x00007ffdcdca0000 - 0x00007ffdcde3d000 	C:\Windows\System32\USER32.dll
0x00007ffdccff0000 - 0x00007ffdcd012000 	C:\Windows\System32\win32u.dll
0x00007ffdce4b0000 - 0x00007ffdce4dc000 	C:\Windows\System32\GDI32.dll
0x00007ffdcc370000 - 0x00007ffdcc60a000 	C:\Windows\WinSxS\amd64_microsoft.windows.common-controls_6595b64144ccf1df_6.0.19041.1110_none_60b5254171f9507e\COMCTL32.dll
0x00007ffdcd260000 - 0x00007ffdcd375000 	C:\Windows\System32\gdi32full.dll
0x00007ffdcd020000 - 0x00007ffdcd0bd000 	C:\Windows\System32\msvcp_win.dll
0x00007ffdcf2f0000 - 0x00007ffdcf38e000 	C:\Windows\System32\msvcrt.dll
0x00007ffdceae0000 - 0x00007ffdceb10000 	C:\Windows\System32\IMM32.DLL
0x00007ffd81900000 - 0x00007ffd8199b000 	C:\Program Files\Microsoft\jdk-11.0.20.8-hotspot\bin\msvcp140.dll
0x00007ffd72020000 - 0x00007ffd72bb6000 	C:\Program Files\Microsoft\jdk-11.0.20.8-hotspot\bin\server\jvm.dll
0x00007ffdcf820000 - 0x00007ffdcf8cf000 	C:\Windows\System32\ADVAPI32.dll
0x00007ffdcdf00000 - 0x00007ffdcdf9c000 	C:\Windows\System32\sechost.dll
0x00007ffdcf6f0000 - 0x00007ffdcf816000 	C:\Windows\System32\RPCRT4.dll
0x00007ffdcf660000 - 0x00007ffdcf668000 	C:\Windows\System32\PSAPI.DLL
0x00007ffdb32a0000 - 0x00007ffdb32a9000 	C:\Windows\SYSTEM32\WSOCK32.dll
0x00007ffdce600000 - 0x00007ffdce66b000 	C:\Windows\System32\WS2_32.dll
0x00007ffdc13d0000 - 0x00007ffdc13f7000 	C:\Windows\SYSTEM32\WINMM.dll
0x00007ffdcaa20000 - 0x00007ffdcaa2a000 	C:\Windows\SYSTEM32\VERSION.dll
0x00007ffdca070000 - 0x00007ffdca082000 	C:\Windows\SYSTEM32\kernel.appcore.dll
0x00007ffdc7470000 - 0x00007ffdc7480000 	C:\Program Files\Microsoft\jdk-11.0.20.8-hotspot\bin\verify.dll
0x00007ffdcc900000 - 0x00007ffdccae4000 	C:\Windows\SYSTEM32\DBGHELP.DLL
0x00007ffdcc8c0000 - 0x00007ffdcc8f4000 	C:\Windows\SYSTEM32\dbgcore.DLL
0x00007ffdcd780000 - 0x00007ffdcd802000 	C:\Windows\System32\bcryptPrimitives.dll
0x00007ffd82b50000 - 0x00007ffd82b78000 	C:\Program Files\Microsoft\jdk-11.0.20.8-hotspot\bin\java.dll
0x00007ffdc7250000 - 0x00007ffdc725a000 	C:\Program Files\Microsoft\jdk-11.0.20.8-hotspot\bin\jimage.dll
0x00007ffd82b30000 - 0x00007ffd82b48000 	C:\Program Files\Microsoft\jdk-11.0.20.8-hotspot\bin\zip.dll
0x00007ffdceba0000 - 0x00007ffdcf2e4000 	C:\Windows\System32\SHELL32.dll
0x00007ffdca270000 - 0x00007ffdcaa03000 	C:\Windows\SYSTEM32\windows.storage.dll
0x00007ffdce000000 - 0x00007ffdce354000 	C:\Windows\System32\combase.dll
0x00007ffdcc2d0000 - 0x00007ffdcc2fe000 	C:\Windows\SYSTEM32\Wldp.dll
0x00007ffdcf3a0000 - 0x00007ffdcf44d000 	C:\Windows\System32\SHCORE.dll
0x00007ffdcdfa0000 - 0x00007ffdcdff5000 	C:\Windows\System32\shlwapi.dll
0x00007ffdccf20000 - 0x00007ffdccf45000 	C:\Windows\SYSTEM32\profapi.dll
0x00007ffda3550000 - 0x00007ffda3569000 	C:\Program Files\Microsoft\jdk-11.0.20.8-hotspot\bin\net.dll
0x00007ffdc4240000 - 0x00007ffdc434a000 	C:\Windows\SYSTEM32\WINHTTP.dll
0x00007ffdcc030000 - 0x00007ffdcc09a000 	C:\Windows\system32\mswsock.dll
0x00007ffda3530000 - 0x00007ffda3543000 	C:\Program Files\Microsoft\jdk-11.0.20.8-hotspot\bin\nio.dll
0x00007ffd94670000 - 0x00007ffd94697000 	C:\Users\user\.gradle\native\68d5fa5c4cc2d200863cafc0d521ce42e7d3e7ee720ec0a83991735586a16f82\windows-amd64\native-platform.dll
0x00007ffd7bfc0000 - 0x00007ffd7c104000 	C:\Users\user\.gradle\native\e376f236ea51e6404a007f0833ffe2c6e607c4080706a723a18a27aeea778392\windows-amd64\native-platform-file-events.dll
0x00007ffda9a50000 - 0x00007ffda9a59000 	C:\Program Files\Microsoft\jdk-11.0.20.8-hotspot\bin\management.dll
0x00007ffd97510000 - 0x00007ffd9751b000 	C:\Program Files\Microsoft\jdk-11.0.20.8-hotspot\bin\management_ext.dll
0x00007ffdccc90000 - 0x00007ffdccca8000 	C:\Windows\SYSTEM32\CRYPTSP.dll
0x00007ffdcb9a0000 - 0x00007ffdcb9d4000 	C:\Windows\system32\rsaenh.dll
0x00007ffdcd0c0000 - 0x00007ffdcd0e7000 	C:\Windows\System32\bcrypt.dll
0x00007ffdccea0000 - 0x00007ffdccece000 	C:\Windows\SYSTEM32\USERENV.dll
0x00007ffdcc240000 - 0x00007ffdcc24c000 	C:\Windows\SYSTEM32\CRYPTBASE.dll
0x00007ffdcbd20000 - 0x00007ffdcbd5b000 	C:\Windows\SYSTEM32\IPHLPAPI.DLL
0x00007ffdcf390000 - 0x00007ffdcf398000 	C:\Windows\System32\NSI.dll
0x00007ffdc4100000 - 0x00007ffdc4117000 	C:\Windows\SYSTEM32\dhcpcsvc6.DLL
0x00007ffdc41b0000 - 0x00007ffdc41cd000 	C:\Windows\SYSTEM32\dhcpcsvc.DLL
0x00007ffdcbd60000 - 0x00007ffdcbe2a000 	C:\Windows\SYSTEM32\DNSAPI.dll

dbghelp: loaded successfully - version: 4.0.5 - missing functions: none
symbol engine: initialized successfully - sym options: 0x614 - pdb path: .;C:\Program Files\Microsoft\jdk-11.0.20.8-hotspot\bin;C:\Windows\SYSTEM32;C:\Windows\WinSxS\amd64_microsoft.windows.common-controls_6595b64144ccf1df_6.0.19041.1110_none_60b5254171f9507e;C:\Program Files\Microsoft\jdk-11.0.20.8-hotspot\bin\server;C:\Users\user\.gradle\native\68d5fa5c4cc2d200863cafc0d521ce42e7d3e7ee720ec0a83991735586a16f82\windows-amd64;C:\Users\user\.gradle\native\e376f236ea51e6404a007f0833ffe2c6e607c4080706a723a18a27aeea778392\windows-amd64

VM Arguments:
jvm_args: -XX:MaxMetaspaceSize=512m --add-opens=java.base/java.util=ALL-UNNAMED --add-opens=java.base/java.lang=ALL-UNNAMED --add-opens=java.base/java.lang.invoke=ALL-UNNAMED --add-opens=java.prefs/java.util.prefs=ALL-UNNAMED --add-opens=java.base/java.nio.charset=ALL-UNNAMED --add-opens=java.base/java.net=ALL-UNNAMED --add-opens=java.base/java.util.concurrent.atomic=ALL-UNNAMED -Xmx2048m -Dfile.encoding=windows-1252 -Duser.country=US -Duser.language=en -Duser.variant 
java_command: org.gradle.launcher.daemon.bootstrap.GradleDaemon 8.0.1
java_class_path (initial): C:\Users\user\.gradle\wrapper\dists\gradle-8.0.1-all\aro4hu1c3oeioove7l0i4i14o\gradle-8.0.1\lib\gradle-launcher-8.0.1.jar
Launcher Type: SUN_STANDARD

[Global flags]
     intx CICompilerCount                          = 3                                         {product} {ergonomic}
   size_t CompressedClassSpaceSize                 = 528482304                                 {product} {ergonomic}
     uint ConcGCThreads                            = 1                                         {product} {ergonomic}
     uint G1ConcRefinementThreads                  = 4                                         {product} {ergonomic}
   size_t G1HeapRegionSize                         = 1048576                                   {product} {ergonomic}
    uintx GCDrainStackTargetSize                   = 64                                        {product} {ergonomic}
   size_t InitialHeapSize                          = 60817408                                  {product} {ergonomic}
   size_t MarkStackSize                            = 4194304                                   {product} {ergonomic}
   size_t MaxHeapSize                              = 2147483648                                {product} {command line}
   size_t MaxMetaspaceSize                         = 536870912                                 {product} {command line}
   size_t MaxNewSize                               = 1287651328                                {product} {ergonomic}
   size_t MinHeapDeltaBytes                        = 1048576                                   {product} {ergonomic}
    uintx NonNMethodCodeHeapSize                   = 5830732                                {pd product} {ergonomic}
    uintx NonProfiledCodeHeapSize                  = 122913754                              {pd product} {ergonomic}
    uintx ProfiledCodeHeapSize                     = 122913754                              {pd product} {ergonomic}
    uintx ReservedCodeCacheSize                    = 251658240                              {pd product} {ergonomic}
     bool SegmentedCodeCache                       = true                                      {product} {ergonomic}
     bool UseCompressedClassPointers               = true                                 {lp64_product} {ergonomic}
     bool UseCompressedOops                        = true                                 {lp64_product} {ergonomic}
     bool UseG1GC                                  = true                                      {product} {ergonomic}
     bool UseLargePagesIndividualAllocation        = false                                  {pd product} {ergonomic}

Logging:
Log output configuration:
 #0: stdout all=warning uptime,level,tags
 #1: stderr all=off uptime,level,tags

Environment Variables:
JAVA_HOME=C:\Program Files\Microsoft\jdk-11.0.20.8-hotspot\
CLASSPATH=C:\Users\user\MK_GITHUB\Movies-App-RN\android\\gradle\wrapper\gradle-wrapper.jar
PATH=C:\Users\user\MK_GITHUB\Movies-App-RN\node_modules\.bin;C:\Users\user\MK_GITHUB\Movies-App-RN\node_modules\.bin;C:\Users\user\MK_GITHUB\node_modules\.bin;C:\Users\user\node_modules\.bin;C:\Users\node_modules\.bin;C:\node_modules\.bin;C:\Users\user\AppData\Roaming\npm\node_modules\npm\node_modules\@npmcli\run-script\lib\node-gyp-bin;C:\Users\user\MK_GITHUB\Movies-App-RN\node_modules\.bin;C:\Users\user\MK_GITHUB\node_modules\.bin;C:\Users\user\node_modules\.bin;C:\Users\node_modules\.bin;C:\node_modules\.bin;C:\Users\user\AppData\Roaming\npm\node_modules\npm\node_modules\@npmcli\run-script\lib\node-gyp-bin;C:\Program Files\Microsoft\jdk-11.0.20.8-hotspot\bin;C:\Windows\system32;C:\Windows;C:\Windows\System32\Wbem;C:\Windows\System32\WindowsPowerShell\v1.0\;C:\Windows\System32\OpenSSH\;C:\Program Files\dotnet\;C:\Program Files\nodejs\;C:\FlutterSDK & Dart\DartSDK\Dart\dart-sdk\bin;C:\Users\user\AppData\Local\Pub\Cache\bin;C:\msys64\mingw64\bin;C:\Program Files\Git\cmd;C:\ProgramData\chocolatey\bin;C:\Users\user\flutter\bin;C:\MARRYAM\Microsoft VS Code\bin;C:\Program Files\JetBrains\IntelliJ IDEA Community Edition 2022.2.3\bin;C:\Users\user\AppData\Local\JetBrains\Toolbox\scripts;C:\Users\user\AppData\Local\Android\Sdk\platform-tools;
USERNAME=user
LANG=en_US.UTF-8
OS=Windows_NT
PROCESSOR_IDENTIFIER=Intel64 Family 6 Model 58 Stepping 9, GenuineIntel
TMP=C:\Users\user\AppData\Local\Temp
TEMP=C:\Users\user\AppData\Local\Temp



---------------  S Y S T E M  ---------------

OS: Windows 10 , 64 bit Build 19041 (10.0.19041.3155)
OS uptime: 0 days 0:16 hours

CPU:total 4 (initial active 4) (2 cores per cpu, 2 threads per core) family 6 model 58 stepping 9 microcode 0x21, cmov, cx8, fxsr, mmx, sse, sse2, sse3, ssse3, sse4.1, sse4.2, popcnt, avx, aes, clmul, erms, ht, tsc, tscinvbit, tscinv

Memory: 4k page, system-wide physical 3654M (141M free)
TotalPageFile size 7309M (AvailPageFile size 1883M)
current process WorkingSet (physical memory assigned to process): 321M, peak: 323M
current process commit charge ("private bytes"): 478M, peak: 483M

vm_info: OpenJDK 64-Bit Server VM (11.0.20+8-LTS) for windows-amd64 JRE (11.0.20+8-LTS), built on Jul  7 2023 17:05:21 by "MicrosoftCorporation" with MS VC++ 15.9 (VS2017)

END.
